2025-06-10 11:45:22.305 +00:00 [WRN] No store type was specified for the decimal property 'Price' on entity type 'Product'. This will cause values to be silently truncated if they do not fit in the default precision and scale. Explicitly specify the SQL server column type that can accommodate all the values in 'OnModelCreating' using 'HasColumnType', specify precision and scale using 'HasPrecision', or configure a value converter using 'HasConversion'.
2025-06-10 11:45:22.562 +00:00 [WRN] No store type was specified for the decimal property 'Price' on entity type 'Product'. This will cause values to be silently truncated if they do not fit in the default precision and scale. Explicitly specify the SQL server column type that can accommodate all the values in 'OnModelCreating' using 'HasColumnType', specify precision and scale using 'HasPrecision', or configure a value converter using 'HasConversion'.
2025-06-10 11:45:52.150 +00:00 [WRN] No store type was specified for the decimal property 'Price' on entity type 'Product'. This will cause values to be silently truncated if they do not fit in the default precision and scale. Explicitly specify the SQL server column type that can accommodate all the values in 'OnModelCreating' using 'HasColumnType', specify precision and scale using 'HasPrecision', or configure a value converter using 'HasConversion'.
2025-06-10 11:45:52.970 +00:00 [INF] Executed DbCommand (24ms) [Parameters=[], CommandType='"Text"', CommandTimeout='30']
SELECT 1
2025-06-10 11:45:53.007 +00:00 [INF] Executed DbCommand (25ms) [Parameters=[], CommandType='"Text"', CommandTimeout='30']
SELECT OBJECT_ID(N'[__EFMigrationsHistory]');
2025-06-10 11:45:53.011 +00:00 [INF] Executed DbCommand (2ms) [Parameters=[], CommandType='"Text"', CommandTimeout='30']
SELECT 1
2025-06-10 11:45:53.013 +00:00 [INF] Executed DbCommand (1ms) [Parameters=[], CommandType='"Text"', CommandTimeout='30']
SELECT OBJECT_ID(N'[__EFMigrationsHistory]');
2025-06-10 11:45:53.041 +00:00 [INF] Executed DbCommand (5ms) [Parameters=[], CommandType='"Text"', CommandTimeout='30']
SELECT [MigrationId], [ProductVersion]
FROM [__EFMigrationsHistory]
ORDER BY [MigrationId];
2025-06-10 11:45:53.059 +00:00 [INF] Applying migration '20250610114523_Adding Images Table'.
2025-06-10 11:45:53.119 +00:00 [INF] Executed DbCommand (13ms) [Parameters=[], CommandType='"Text"', CommandTimeout='30']
CREATE TABLE [Images] (
    [Id] uniqueidentifier NOT NULL,
    [FileName] nvarchar(max) NOT NULL,
    [FileDescription] nvarchar(max) NULL,
    [FileExtension] nvarchar(max) NOT NULL,
    [FileSizeInBytes] bigint NOT NULL,
    [FilePath] nvarchar(max) NOT NULL,
    CONSTRAINT [PK_Images] PRIMARY KEY ([Id])
);
2025-06-10 11:45:53.122 +00:00 [INF] Executed DbCommand (3ms) [Parameters=[], CommandType='"Text"', CommandTimeout='30']
INSERT INTO [__EFMigrationsHistory] ([MigrationId], [ProductVersion])
VALUES (N'20250610114523_Adding Images Table', N'8.0.5');
2025-06-10 12:59:40.604 +00:00 [INF] User profile is available. Using 'C:\Users\prashant\AppData\Local\ASP.NET\DataProtection-Keys' as key repository and Windows DPAPI to encrypt keys at rest.
2025-06-10 12:59:41.472 +00:00 [INF] Now listening on: https://localhost:7165
2025-06-10 12:59:41.473 +00:00 [INF] Now listening on: http://localhost:5008
2025-06-10 12:59:41.628 +00:00 [INF] Application started. Press Ctrl+C to shut down.
2025-06-10 12:59:41.628 +00:00 [INF] Hosting environment: Development
2025-06-10 12:59:41.628 +00:00 [INF] Content root path: C:\Users\prashant\source\repos\AuthNet\AuthNet
2025-06-10 12:59:44.101 +00:00 [INF] Request starting HTTP/2 GET https://localhost:7165/swagger/index.html - null null
2025-06-10 12:59:44.641 +00:00 [INF] Request finished HTTP/2 GET https://localhost:7165/swagger/index.html - 200 null text/html;charset=utf-8 565.242ms
2025-06-10 12:59:44.659 +00:00 [INF] Request starting HTTP/2 GET https://localhost:7165/_framework/aspnetcore-browser-refresh.js - null null
2025-06-10 12:59:44.673 +00:00 [INF] Request starting HTTP/2 GET https://localhost:7165/_vs/browserLink - null null
2025-06-10 12:59:44.733 +00:00 [INF] Request finished HTTP/2 GET https://localhost:7165/_framework/aspnetcore-browser-refresh.js - 200 16499 application/javascript; charset=utf-8 76.7767ms
2025-06-10 12:59:45.007 +00:00 [INF] Request finished HTTP/2 GET https://localhost:7165/_vs/browserLink - 200 null text/javascript; charset=UTF-8 333.8814ms
2025-06-10 12:59:45.127 +00:00 [INF] Request starting HTTP/2 GET https://localhost:7165/swagger/v1/swagger.json - null null
2025-06-10 12:59:45.149 +00:00 [INF] Request finished HTTP/2 GET https://localhost:7165/swagger/v1/swagger.json - 200 null application/json;charset=utf-8 21.5984ms
2025-06-10 13:02:50.924 +00:00 [INF] Request starting HTTP/2 POST https://localhost:7165/api/Images/Upload - multipart/form-data; boundary=----WebKitFormBoundaryL10RWVAx0OTMTG9t 13697
2025-06-10 13:02:51.091 +00:00 [INF] Executing endpoint 'AuthNet.Controllers.ImagesController.Upload (AuthNet)'
2025-06-10 13:02:51.139 +00:00 [INF] Route matched with {action = "Upload", controller = "Images"}. Executing controller action with signature System.Threading.Tasks.Task`1[Microsoft.AspNetCore.Mvc.IActionResult] Upload(AuthNet.Models.DTO.ImageUploadRequestDto) on controller AuthNet.Controllers.ImagesController (AuthNet).
2025-06-10 13:02:51.614 +00:00 [INF] Executed action AuthNet.Controllers.ImagesController.Upload (AuthNet) in 469.9934ms
2025-06-10 13:02:51.616 +00:00 [INF] Executed endpoint 'AuthNet.Controllers.ImagesController.Upload (AuthNet)'
2025-06-10 13:02:51.624 +00:00 [ERR] An unhandled exception has occurred while executing the request.
System.IO.DirectoryNotFoundException: Could not find a part of the path 'C:\Users\prashant\source\repos\AuthNet\AuthNet\Images\Test Cover Image\.jpg'.
   at Microsoft.Win32.SafeHandles.SafeFileHandle.CreateFile(String fullPath, FileMode mode, FileAccess access, FileShare share, FileOptions options)
   at Microsoft.Win32.SafeHandles.SafeFileHandle.Open(String fullPath, FileMode mode, FileAccess access, FileShare share, FileOptions options, Int64 preallocationSize, Nullable`1 unixCreateMode)
   at System.IO.Strategies.OSFileStreamStrategy..ctor(String path, FileMode mode, FileAccess access, FileShare share, FileOptions options, Int64 preallocationSize, Nullable`1 unixCreateMode)
   at System.IO.Strategies.FileStreamHelpers.ChooseStrategyCore(String path, FileMode mode, FileAccess access, FileShare share, FileOptions options, Int64 preallocationSize, Nullable`1 unixCreateMode)
   at System.IO.FileStream..ctor(String path, FileMode mode)
   at AuthNet.Services.LocalImageService.Upload(Image image) in C:\Users\prashant\source\repos\AuthNet\AuthNet\Services\LocalImageService.cs:line 24
   at AuthNet.Controllers.ImagesController.Upload(ImageUploadRequestDto request) in C:\Users\prashant\source\repos\AuthNet\AuthNet\Controllers\ImagesController.cs:line 40
   at Microsoft.AspNetCore.Mvc.Infrastructure.ActionMethodExecutor.TaskOfIActionResultExecutor.Execute(ActionContext actionContext, IActionResultTypeMapper mapper, ObjectMethodExecutor executor, Object controller, Object[] arguments)
   at Microsoft.AspNetCore.Mvc.Infrastructure.ControllerActionInvoker.<InvokeActionMethodAsync>g__Awaited|12_0(ControllerActionInvoker invoker, ValueTask`1 actionResultValueTask)
   at Microsoft.AspNetCore.Mvc.Infrastructure.ControllerActionInvoker.<InvokeNextActionFilterAsync>g__Awaited|10_0(ControllerActionInvoker invoker, Task lastTask, State next, Scope scope, Object state, Boolean isCompleted)
   at Microsoft.AspNetCore.Mvc.Infrastructure.ControllerActionInvoker.Rethrow(ActionExecutedContextSealed context)
   at Microsoft.AspNetCore.Mvc.Infrastructure.ControllerActionInvoker.Next(State& next, Scope& scope, Object& state, Boolean& isCompleted)
   at Microsoft.AspNetCore.Mvc.Infrastructure.ControllerActionInvoker.InvokeInnerFilterAsync()
--- End of stack trace from previous location ---
   at Microsoft.AspNetCore.Mvc.Infrastructure.ResourceInvoker.<InvokeFilterPipelineAsync>g__Awaited|20_0(ResourceInvoker invoker, Task lastTask, State next, Scope scope, Object state, Boolean isCompleted)
   at Microsoft.AspNetCore.Mvc.Infrastructure.ResourceInvoker.<InvokeAsync>g__Logged|17_1(ResourceInvoker invoker)
   at Microsoft.AspNetCore.Mvc.Infrastructure.ResourceInvoker.<InvokeAsync>g__Logged|17_1(ResourceInvoker invoker)
   at Microsoft.AspNetCore.Routing.EndpointMiddleware.<Invoke>g__AwaitRequestTask|7_0(Endpoint endpoint, Task requestTask, ILogger logger)
   at Microsoft.AspNetCore.Authorization.AuthorizationMiddleware.Invoke(HttpContext context)
   at Microsoft.AspNetCore.Authentication.AuthenticationMiddleware.Invoke(HttpContext context)
   at Swashbuckle.AspNetCore.SwaggerUI.SwaggerUIMiddleware.Invoke(HttpContext httpContext)
   at Swashbuckle.AspNetCore.Swagger.SwaggerMiddleware.Invoke(HttpContext httpContext, ISwaggerProvider swaggerProvider)
   at Microsoft.AspNetCore.Diagnostics.DeveloperExceptionPageMiddlewareImpl.Invoke(HttpContext context)
2025-06-10 13:02:51.700 +00:00 [INF] Request finished HTTP/2 POST https://localhost:7165/api/Images/Upload - 500 null text/plain; charset=utf-8 775.9514ms
2025-06-10 13:06:41.388 +00:00 [INF] User profile is available. Using 'C:\Users\prashant\AppData\Local\ASP.NET\DataProtection-Keys' as key repository and Windows DPAPI to encrypt keys at rest.
2025-06-10 13:06:41.809 +00:00 [INF] Now listening on: https://localhost:7165
2025-06-10 13:06:41.810 +00:00 [INF] Now listening on: http://localhost:5008
2025-06-10 13:06:41.949 +00:00 [INF] Application started. Press Ctrl+C to shut down.
2025-06-10 13:06:41.950 +00:00 [INF] Hosting environment: Development
2025-06-10 13:06:41.950 +00:00 [INF] Content root path: C:\Users\prashant\source\repos\AuthNet\AuthNet
2025-06-10 13:06:42.551 +00:00 [INF] Request starting HTTP/2 GET https://localhost:7165/swagger/index.html - null null
2025-06-10 13:06:42.910 +00:00 [INF] Request starting HTTP/2 GET https://localhost:7165/_vs/browserLink - null null
2025-06-10 13:06:42.910 +00:00 [INF] Request starting HTTP/2 GET https://localhost:7165/_framework/aspnetcore-browser-refresh.js - null null
2025-06-10 13:06:42.953 +00:00 [INF] Request finished HTTP/2 GET https://localhost:7165/swagger/index.html - 200 null text/html;charset=utf-8 406.3273ms
2025-06-10 13:06:42.963 +00:00 [INF] Request finished HTTP/2 GET https://localhost:7165/_framework/aspnetcore-browser-refresh.js - 200 16499 application/javascript; charset=utf-8 52.6809ms
2025-06-10 13:06:43.077 +00:00 [INF] Request finished HTTP/2 GET https://localhost:7165/_vs/browserLink - 200 null text/javascript; charset=UTF-8 167.031ms
2025-06-10 13:06:43.426 +00:00 [INF] Request starting HTTP/2 GET https://localhost:7165/swagger/v1/swagger.json - null null
2025-06-10 13:06:43.486 +00:00 [INF] Request finished HTTP/2 GET https://localhost:7165/swagger/v1/swagger.json - 200 null application/json;charset=utf-8 59.3497ms
2025-06-10 13:07:10.455 +00:00 [INF] Request starting HTTP/2 POST https://localhost:7165/api/Images/Upload - multipart/form-data; boundary=----WebKitFormBoundary01LOJtAQjp8DQ0Rk 13682
2025-06-10 13:07:10.581 +00:00 [INF] Executing endpoint 'AuthNet.Controllers.ImagesController.Upload (AuthNet)'
2025-06-10 13:07:10.643 +00:00 [INF] Route matched with {action = "Upload", controller = "Images"}. Executing controller action with signature System.Threading.Tasks.Task`1[Microsoft.AspNetCore.Mvc.IActionResult] Upload(AuthNet.Models.DTO.ImageUploadRequestDto) on controller AuthNet.Controllers.ImagesController (AuthNet).
2025-06-10 13:07:11.678 +00:00 [WRN] No store type was specified for the decimal property 'Price' on entity type 'Product'. This will cause values to be silently truncated if they do not fit in the default precision and scale. Explicitly specify the SQL server column type that can accommodate all the values in 'OnModelCreating' using 'HasColumnType', specify precision and scale using 'HasPrecision', or configure a value converter using 'HasConversion'.
2025-06-10 13:07:12.686 +00:00 [INF] Executed DbCommand (90ms) [Parameters=[@p0='?' (DbType = Guid), @p1='?' (Size = 4000), @p2='?' (Size = 4000), @p3='?' (Size = 4000), @p4='?' (Size = 4000), @p5='?' (DbType = Int64)], CommandType='"Text"', CommandTimeout='30']
SET IMPLICIT_TRANSACTIONS OFF;
SET NOCOUNT ON;
INSERT INTO [Images] ([Id], [FileDescription], [FileExtension], [FileName], [FilePath], [FileSizeInBytes])
VALUES (@p0, @p1, @p2, @p3, @p4, @p5);
2025-06-10 13:07:12.741 +00:00 [INF] Executing OkObjectResult, writing value of type 'AuthNet.Models.Domain.Image'.
2025-06-10 13:07:12.782 +00:00 [INF] Executed action AuthNet.Controllers.ImagesController.Upload (AuthNet) in 2132.424ms
2025-06-10 13:07:12.782 +00:00 [INF] Executed endpoint 'AuthNet.Controllers.ImagesController.Upload (AuthNet)'
2025-06-10 13:07:12.795 +00:00 [INF] Request finished HTTP/2 POST https://localhost:7165/api/Images/Upload - 200 null application/json; charset=utf-8 2345.9726ms
2025-06-10 13:13:23.131 +00:00 [INF] User profile is available. Using 'C:\Users\prashant\AppData\Local\ASP.NET\DataProtection-Keys' as key repository and Windows DPAPI to encrypt keys at rest.
2025-06-10 13:13:23.488 +00:00 [INF] Now listening on: https://localhost:7165
2025-06-10 13:13:23.489 +00:00 [INF] Now listening on: http://localhost:5008
2025-06-10 13:13:23.784 +00:00 [INF] Application started. Press Ctrl+C to shut down.
2025-06-10 13:13:23.785 +00:00 [INF] Hosting environment: Development
2025-06-10 13:13:23.785 +00:00 [INF] Content root path: C:\Users\prashant\source\repos\AuthNet\AuthNet
2025-06-10 13:13:24.450 +00:00 [INF] Request starting HTTP/2 GET https://localhost:7165/swagger/index.html - null null
2025-06-10 13:13:24.801 +00:00 [INF] Request starting HTTP/2 GET https://localhost:7165/_framework/aspnetcore-browser-refresh.js - null null
2025-06-10 13:13:24.801 +00:00 [INF] Request starting HTTP/2 GET https://localhost:7165/_vs/browserLink - null null
2025-06-10 13:13:24.809 +00:00 [INF] Request finished HTTP/2 GET https://localhost:7165/swagger/index.html - 200 null text/html;charset=utf-8 373.4167ms
2025-06-10 13:13:24.826 +00:00 [INF] Request finished HTTP/2 GET https://localhost:7165/_framework/aspnetcore-browser-refresh.js - 200 16499 application/javascript; charset=utf-8 24.3689ms
2025-06-10 13:13:24.899 +00:00 [INF] Request finished HTTP/2 GET https://localhost:7165/_vs/browserLink - 200 null text/javascript; charset=UTF-8 97.6821ms
2025-06-10 13:13:24.987 +00:00 [INF] Request starting HTTP/2 GET https://localhost:7165/swagger/v1/swagger.json - null null
2025-06-10 13:13:25.012 +00:00 [INF] Request finished HTTP/2 GET https://localhost:7165/swagger/v1/swagger.json - 200 null application/json;charset=utf-8 24.5176ms
2025-06-10 13:13:50.860 +00:00 [INF] Request starting HTTP/2 GET https://localhost:7165/Images/Test Cover Image.jpg - null null
2025-06-10 13:13:51.023 +00:00 [INF] Sending file. Request path: '/Test Cover Image.jpg'. Physical path: 'C:\Users\prashant\source\repos\AuthNet\AuthNet\Images\Test Cover Image.jpg'
2025-06-10 13:13:51.025 +00:00 [INF] Request finished HTTP/2 GET https://localhost:7165/Images/Test Cover Image.jpg - 200 13264 image/jpeg 166.3761ms
2025-06-10 13:13:51.057 +00:00 [INF] Request starting HTTP/2 GET https://localhost:7165/favicon.ico - null null
2025-06-10 13:13:51.061 +00:00 [INF] Request finished HTTP/2 GET https://localhost:7165/favicon.ico - 404 0 null 4.167ms
2025-06-10 13:13:51.064 +00:00 [INF] Request reached the end of the middleware pipeline without being handled by application code. Request path: GET https://localhost:7165/favicon.ico, Response status code: 404
2025-06-10 13:17:37.731 +00:00 [INF] Request starting HTTP/2 POST https://localhost:7165/api/Images/Upload - multipart/form-data; boundary=----WebKitFormBoundaryBoZcUzrni8RrNKuW 99571
2025-06-10 13:17:37.748 +00:00 [INF] Executing endpoint 'AuthNet.Controllers.ImagesController.Upload (AuthNet)'
2025-06-10 13:17:37.800 +00:00 [INF] Route matched with {action = "Upload", controller = "Images"}. Executing controller action with signature System.Threading.Tasks.Task`1[Microsoft.AspNetCore.Mvc.IActionResult] Upload(AuthNet.Models.DTO.ImageUploadRequestDto) on controller AuthNet.Controllers.ImagesController (AuthNet).
2025-06-10 13:17:38.698 +00:00 [WRN] No store type was specified for the decimal property 'Price' on entity type 'Product'. This will cause values to be silently truncated if they do not fit in the default precision and scale. Explicitly specify the SQL server column type that can accommodate all the values in 'OnModelCreating' using 'HasColumnType', specify precision and scale using 'HasPrecision', or configure a value converter using 'HasConversion'.
2025-06-10 13:17:39.611 +00:00 [INF] Executed DbCommand (67ms) [Parameters=[@p0='?' (DbType = Guid), @p1='?' (Size = 4000), @p2='?' (Size = 4000), @p3='?' (Size = 4000), @p4='?' (Size = 4000), @p5='?' (DbType = Int64)], CommandType='"Text"', CommandTimeout='30']
SET IMPLICIT_TRANSACTIONS OFF;
SET NOCOUNT ON;
INSERT INTO [Images] ([Id], [FileDescription], [FileExtension], [FileName], [FilePath], [FileSizeInBytes])
VALUES (@p0, @p1, @p2, @p3, @p4, @p5);
2025-06-10 13:17:39.658 +00:00 [INF] Executing OkObjectResult, writing value of type 'AuthNet.Models.Domain.Image'.
2025-06-10 13:17:39.700 +00:00 [INF] Executed action AuthNet.Controllers.ImagesController.Upload (AuthNet) in 1894.554ms
2025-06-10 13:17:39.701 +00:00 [INF] Executed endpoint 'AuthNet.Controllers.ImagesController.Upload (AuthNet)'
2025-06-10 13:17:39.716 +00:00 [INF] Request finished HTTP/2 POST https://localhost:7165/api/Images/Upload - 200 null application/json; charset=utf-8 1984.1272ms
2025-06-10 13:17:50.911 +00:00 [INF] Request starting HTTP/2 GET https://localhost:7165/Images/test image.jpg - null null
2025-06-10 13:17:51.012 +00:00 [INF] Sending file. Request path: '/test image.jpg'. Physical path: 'C:\Users\prashant\source\repos\AuthNet\AuthNet\Images\test image.jpg'
2025-06-10 13:17:51.013 +00:00 [INF] Request finished HTTP/2 GET https://localhost:7165/Images/test image.jpg - 200 99132 image/jpeg 101.846ms
