2025-05-28 11:18:44.617 +00:00 [INF] User profile is available. Using 'C:\Users\prashant\AppData\Local\ASP.NET\DataProtection-Keys' as key repository and Windows DPAPI to encrypt keys at rest.
2025-05-28 11:18:44.922 +00:00 [INF] Now listening on: https://localhost:7165
2025-05-28 11:18:44.923 +00:00 [INF] Now listening on: http://localhost:5008
2025-05-28 11:18:45.512 +00:00 [INF] Application started. Press Ctrl+C to shut down.
2025-05-28 11:18:45.513 +00:00 [INF] Hosting environment: Development
2025-05-28 11:18:45.513 +00:00 [INF] Content root path: C:\Users\prashant\source\repos\AuthNet\AuthNet
2025-05-28 11:18:46.494 +00:00 [INF] Request starting HTTP/2 GET https://localhost:7165/swagger/index.html - null null
2025-05-28 11:18:46.750 +00:00 [INF] Request finished HTTP/2 GET https://localhost:7165/swagger/index.html - 200 null text/html;charset=utf-8 266.4489ms
2025-05-28 11:18:46.754 +00:00 [INF] Request starting HTTP/2 GET https://localhost:7165/_framework/aspnetcore-browser-refresh.js - null null
2025-05-28 11:18:46.755 +00:00 [INF] Request starting HTTP/2 GET https://localhost:7165/_vs/browserLink - null null
2025-05-28 11:18:46.787 +00:00 [INF] Request finished HTTP/2 GET https://localhost:7165/_framework/aspnetcore-browser-refresh.js - 200 16499 application/javascript; charset=utf-8 33.202ms
2025-05-28 11:18:46.821 +00:00 [INF] Request finished HTTP/2 GET https://localhost:7165/_vs/browserLink - 200 null text/javascript; charset=UTF-8 66.402ms
2025-05-28 11:18:46.880 +00:00 [INF] Request starting HTTP/2 GET https://localhost:7165/swagger/v1/swagger.json - null null
2025-05-28 11:18:46.905 +00:00 [INF] Request finished HTTP/2 GET https://localhost:7165/swagger/v1/swagger.json - 200 null application/json;charset=utf-8 26.2202ms
2025-05-28 11:19:10.771 +00:00 [INF] Request starting HTTP/2 POST https://localhost:7165/api/Auth/login - application/json 71
2025-05-28 11:19:10.850 +00:00 [INF] Executing endpoint 'AuthNet.Controllers.AuthController.Login (AuthNet)'
2025-05-28 11:19:10.879 +00:00 [INF] Route matched with {action = "Login", controller = "Auth"}. Executing controller action with signature Microsoft.AspNetCore.Mvc.IActionResult Login(AuthNet.Models.LoginDto) on controller AuthNet.Controllers.AuthController (AuthNet).
2025-05-28 11:19:11.496 +00:00 [WRN] No store type was specified for the decimal property 'Price' on entity type 'Product'. This will cause values to be silently truncated if they do not fit in the default precision and scale. Explicitly specify the SQL server column type that can accommodate all the values in 'OnModelCreating' using 'HasColumnType', specify precision and scale using 'HasPrecision', or configure a value converter using 'HasConversion'.
2025-05-28 11:19:12.270 +00:00 [INF] Executed DbCommand (39ms) [Parameters=[@__username_0='?' (Size = 4000)], CommandType='"Text"', CommandTimeout='30']
SELECT TOP(1) [u].[Id], [u].[PasswordHash], [u].[Role], [u].[Username]
FROM [Users] AS [u]
WHERE [u].[Username] = @__username_0
2025-05-28 11:19:13.000 +00:00 [INF] Executing OkObjectResult, writing value of type '<>f__AnonymousType0`1[[System.String, System.Private.CoreLib, Version=8.0.0.0, Culture=neutral, PublicKeyToken=7cec85d7bea7798e]]'.
2025-05-28 11:19:13.010 +00:00 [INF] Executed action AuthNet.Controllers.AuthController.Login (AuthNet) in 2125.5256ms
2025-05-28 11:19:13.010 +00:00 [INF] Executed endpoint 'AuthNet.Controllers.AuthController.Login (AuthNet)'
2025-05-28 11:19:13.023 +00:00 [INF] Request finished HTTP/2 POST https://localhost:7165/api/Auth/login - 200 null application/json; charset=utf-8 2251.8683ms
2025-05-28 11:19:39.232 +00:00 [INF] Request starting HTTP/2 POST https://localhost:7165/api/Products - application/json 91
2025-05-28 11:19:39.293 +00:00 [INF] Authorization failed. These requirements were not met:
RolesAuthorizationRequirement:User.IsInRole must be true for one of the following roles: (Admin)
2025-05-28 11:19:39.296 +00:00 [WRN] 403 Forbidden: Insufficient role for accessing /api/Products
2025-05-28 11:19:39.297 +00:00 [INF] AuthenticationScheme: Bearer was forbidden.
2025-05-28 11:19:39.297 +00:00 [INF] Request finished HTTP/2 POST https://localhost:7165/api/Products - 403 null application/json 65.7091ms
2025-05-28 11:21:05.334 +00:00 [INF] Request starting HTTP/2 POST https://localhost:7165/api/Auth/login - application/json 76
2025-05-28 11:21:05.371 +00:00 [INF] Executing endpoint 'AuthNet.Controllers.AuthController.Login (AuthNet)'
2025-05-28 11:21:05.371 +00:00 [INF] Route matched with {action = "Login", controller = "Auth"}. Executing controller action with signature Microsoft.AspNetCore.Mvc.IActionResult Login(AuthNet.Models.LoginDto) on controller AuthNet.Controllers.AuthController (AuthNet).
2025-05-28 11:21:05.397 +00:00 [INF] Executed DbCommand (4ms) [Parameters=[@__username_0='?' (Size = 4000)], CommandType='"Text"', CommandTimeout='30']
SELECT TOP(1) [u].[Id], [u].[PasswordHash], [u].[Role], [u].[Username]
FROM [Users] AS [u]
WHERE [u].[Username] = @__username_0
2025-05-28 11:21:05.765 +00:00 [INF] Executing OkObjectResult, writing value of type '<>f__AnonymousType0`1[[System.String, System.Private.CoreLib, Version=8.0.0.0, Culture=neutral, PublicKeyToken=7cec85d7bea7798e]]'.
2025-05-28 11:21:05.765 +00:00 [INF] Executed action AuthNet.Controllers.AuthController.Login (AuthNet) in 393.5931ms
2025-05-28 11:21:05.765 +00:00 [INF] Executed endpoint 'AuthNet.Controllers.AuthController.Login (AuthNet)'
2025-05-28 11:21:05.766 +00:00 [INF] Request finished HTTP/2 POST https://localhost:7165/api/Auth/login - 200 null application/json; charset=utf-8 431.4259ms
2025-05-28 11:21:37.138 +00:00 [INF] Request starting HTTP/2 POST https://localhost:7165/api/Products - application/json 91
2025-05-28 11:21:37.150 +00:00 [INF] Executing endpoint 'AuthNet.Controllers.ProductsController.Create (AuthNet)'
2025-05-28 11:21:37.156 +00:00 [INF] Route matched with {action = "Create", controller = "Products"}. Executing controller action with signature System.Threading.Tasks.Task`1[Microsoft.AspNetCore.Mvc.IActionResult] Create(AuthNet.Models.Product) on controller AuthNet.Controllers.ProductsController (AuthNet).
2025-05-28 11:21:37.375 +00:00 [INF] Executed DbCommand (24ms) [Parameters=[@p0='?' (Size = 4000), @p1='?' (Size = 4000), @p2='?' (Precision = 18) (Scale = 2) (DbType = Decimal), @p3='?' (DbType = Int32)], CommandType='"Text"', CommandTimeout='30']
SET IMPLICIT_TRANSACTIONS OFF;
SET NOCOUNT ON;
INSERT INTO [Products] ([Description], [Name], [Price], [Quantity])
OUTPUT INSERTED.[Id]
VALUES (@p0, @p1, @p2, @p3);
2025-05-28 11:21:37.416 +00:00 [INF] Executing OkObjectResult, writing value of type 'AuthNet.Models.ServiceResponse`1[[System.Int32, System.Private.CoreLib, Version=8.0.0.0, Culture=neutral, PublicKeyToken=7cec85d7bea7798e]]'.
2025-05-28 11:21:37.418 +00:00 [INF] Executed action AuthNet.Controllers.ProductsController.Create (AuthNet) in 262.4321ms
2025-05-28 11:21:37.419 +00:00 [INF] Executed endpoint 'AuthNet.Controllers.ProductsController.Create (AuthNet)'
2025-05-28 11:21:37.427 +00:00 [INF] Request finished HTTP/2 POST https://localhost:7165/api/Products - 200 null application/json; charset=utf-8 289.7112ms
2025-05-28 11:27:11.772 +00:00 [INF] User profile is available. Using 'C:\Users\prashant\AppData\Local\ASP.NET\DataProtection-Keys' as key repository and Windows DPAPI to encrypt keys at rest.
2025-05-28 11:27:12.072 +00:00 [INF] Now listening on: https://localhost:7165
2025-05-28 11:27:12.073 +00:00 [INF] Now listening on: http://localhost:5008
2025-05-28 11:27:12.176 +00:00 [INF] Application started. Press Ctrl+C to shut down.
2025-05-28 11:27:12.177 +00:00 [INF] Hosting environment: Development
2025-05-28 11:27:12.177 +00:00 [INF] Content root path: C:\Users\prashant\source\repos\AuthNet\AuthNet
2025-05-28 11:27:13.151 +00:00 [INF] Request starting HTTP/2 GET https://localhost:7165/swagger/index.html - null null
2025-05-28 11:27:13.439 +00:00 [INF] Request starting HTTP/2 GET https://localhost:7165/_framework/aspnetcore-browser-refresh.js - null null
2025-05-28 11:27:13.439 +00:00 [INF] Request starting HTTP/2 GET https://localhost:7165/_vs/browserLink - null null
2025-05-28 11:27:13.442 +00:00 [INF] Request finished HTTP/2 GET https://localhost:7165/swagger/index.html - 200 null text/html;charset=utf-8 305.0143ms
2025-05-28 11:27:13.449 +00:00 [INF] Request finished HTTP/2 GET https://localhost:7165/_framework/aspnetcore-browser-refresh.js - 200 16499 application/javascript; charset=utf-8 11.11ms
2025-05-28 11:27:13.518 +00:00 [INF] Request finished HTTP/2 GET https://localhost:7165/_vs/browserLink - 200 null text/javascript; charset=UTF-8 79.2489ms
2025-05-28 11:27:13.596 +00:00 [INF] Request starting HTTP/2 GET https://localhost:7165/swagger/v1/swagger.json - null null
2025-05-28 11:27:13.630 +00:00 [INF] Request finished HTTP/2 GET https://localhost:7165/swagger/v1/swagger.json - 200 null application/json;charset=utf-8 34.5507ms
2025-05-28 11:30:14.157 +00:00 [WRN] No store type was specified for the decimal property 'Price' on entity type 'Product'. This will cause values to be silently truncated if they do not fit in the default precision and scale. Explicitly specify the SQL server column type that can accommodate all the values in 'OnModelCreating' using 'HasColumnType', specify precision and scale using 'HasPrecision', or configure a value converter using 'HasConversion'.
2025-05-28 11:30:14.288 +00:00 [WRN] No store type was specified for the decimal property 'Price' on entity type 'Product'. This will cause values to be silently truncated if they do not fit in the default precision and scale. Explicitly specify the SQL server column type that can accommodate all the values in 'OnModelCreating' using 'HasColumnType', specify precision and scale using 'HasPrecision', or configure a value converter using 'HasConversion'.
2025-05-28 11:30:27.385 +00:00 [WRN] No store type was specified for the decimal property 'Price' on entity type 'Product'. This will cause values to be silently truncated if they do not fit in the default precision and scale. Explicitly specify the SQL server column type that can accommodate all the values in 'OnModelCreating' using 'HasColumnType', specify precision and scale using 'HasPrecision', or configure a value converter using 'HasConversion'.
2025-05-28 11:30:27.699 +00:00 [INF] Executed DbCommand (14ms) [Parameters=[], CommandType='"Text"', CommandTimeout='30']
SELECT 1
2025-05-28 11:30:27.718 +00:00 [INF] Executed DbCommand (11ms) [Parameters=[], CommandType='"Text"', CommandTimeout='30']
SELECT OBJECT_ID(N'[__EFMigrationsHistory]');
2025-05-28 11:30:27.721 +00:00 [INF] Executed DbCommand (2ms) [Parameters=[], CommandType='"Text"', CommandTimeout='30']
SELECT 1
2025-05-28 11:30:27.723 +00:00 [INF] Executed DbCommand (2ms) [Parameters=[], CommandType='"Text"', CommandTimeout='30']
SELECT OBJECT_ID(N'[__EFMigrationsHistory]');
2025-05-28 11:30:27.741 +00:00 [INF] Executed DbCommand (2ms) [Parameters=[], CommandType='"Text"', CommandTimeout='30']
SELECT [MigrationId], [ProductVersion]
FROM [__EFMigrationsHistory]
ORDER BY [MigrationId];
2025-05-28 11:30:27.756 +00:00 [INF] Applying migration '20250528113014_AddProductCode'.
2025-05-28 11:30:27.790 +00:00 [INF] Executed DbCommand (7ms) [Parameters=[], CommandType='"Text"', CommandTimeout='30']
ALTER TABLE [Products] ADD [ProductCode] nvarchar(max) NOT NULL DEFAULT N'';
2025-05-28 11:30:27.792 +00:00 [INF] Executed DbCommand (2ms) [Parameters=[], CommandType='"Text"', CommandTimeout='30']
INSERT INTO [__EFMigrationsHistory] ([MigrationId], [ProductVersion])
VALUES (N'20250528113014_AddProductCode', N'8.0.5');
2025-05-28 11:30:38.771 +00:00 [INF] User profile is available. Using 'C:\Users\prashant\AppData\Local\ASP.NET\DataProtection-Keys' as key repository and Windows DPAPI to encrypt keys at rest.
2025-05-28 11:30:39.076 +00:00 [INF] Now listening on: https://localhost:7165
2025-05-28 11:30:39.077 +00:00 [INF] Now listening on: http://localhost:5008
2025-05-28 11:30:39.261 +00:00 [INF] Application started. Press Ctrl+C to shut down.
2025-05-28 11:30:39.261 +00:00 [INF] Hosting environment: Development
2025-05-28 11:30:39.261 +00:00 [INF] Content root path: C:\Users\prashant\source\repos\AuthNet\AuthNet
2025-05-28 11:30:39.979 +00:00 [INF] Request starting HTTP/2 GET https://localhost:7165/swagger/index.html - null null
2025-05-28 11:30:40.247 +00:00 [INF] Request finished HTTP/2 GET https://localhost:7165/swagger/index.html - 200 null text/html;charset=utf-8 276.7394ms
2025-05-28 11:30:40.257 +00:00 [INF] Request starting HTTP/2 GET https://localhost:7165/_framework/aspnetcore-browser-refresh.js - null null
2025-05-28 11:30:40.258 +00:00 [INF] Request starting HTTP/2 GET https://localhost:7165/_vs/browserLink - null null
2025-05-28 11:30:40.268 +00:00 [INF] Request finished HTTP/2 GET https://localhost:7165/_framework/aspnetcore-browser-refresh.js - 200 16499 application/javascript; charset=utf-8 10.9974ms
2025-05-28 11:30:40.421 +00:00 [INF] Request finished HTTP/2 GET https://localhost:7165/_vs/browserLink - 200 null text/javascript; charset=UTF-8 163.4164ms
2025-05-28 11:30:40.671 +00:00 [INF] Request starting HTTP/2 GET https://localhost:7165/swagger/v1/swagger.json - null null
2025-05-28 11:30:40.691 +00:00 [INF] Request finished HTTP/2 GET https://localhost:7165/swagger/v1/swagger.json - 200 null application/json;charset=utf-8 27.9692ms
2025-05-28 11:31:14.110 +00:00 [INF] Request starting HTTP/2 POST https://localhost:7165/api/Auth/login - application/json 76
2025-05-28 11:31:14.198 +00:00 [INF] Executing endpoint 'AuthNet.Controllers.AuthController.Login (AuthNet)'
2025-05-28 11:31:14.235 +00:00 [INF] Route matched with {action = "Login", controller = "Auth"}. Executing controller action with signature Microsoft.AspNetCore.Mvc.IActionResult Login(AuthNet.Models.LoginDto) on controller AuthNet.Controllers.AuthController (AuthNet).
2025-05-28 11:31:15.052 +00:00 [WRN] No store type was specified for the decimal property 'Price' on entity type 'Product'. This will cause values to be silently truncated if they do not fit in the default precision and scale. Explicitly specify the SQL server column type that can accommodate all the values in 'OnModelCreating' using 'HasColumnType', specify precision and scale using 'HasPrecision', or configure a value converter using 'HasConversion'.
2025-05-28 11:31:16.034 +00:00 [INF] Executed DbCommand (46ms) [Parameters=[@__username_0='?' (Size = 4000)], CommandType='"Text"', CommandTimeout='30']
SELECT TOP(1) [u].[Id], [u].[PasswordHash], [u].[Role], [u].[Username]
FROM [Users] AS [u]
WHERE [u].[Username] = @__username_0
2025-05-28 11:31:16.774 +00:00 [INF] Executing OkObjectResult, writing value of type '<>f__AnonymousType0`1[[System.String, System.Private.CoreLib, Version=8.0.0.0, Culture=neutral, PublicKeyToken=7cec85d7bea7798e]]'.
2025-05-28 11:31:16.783 +00:00 [INF] Executed action AuthNet.Controllers.AuthController.Login (AuthNet) in 2544.3459ms
2025-05-28 11:31:16.783 +00:00 [INF] Executed endpoint 'AuthNet.Controllers.AuthController.Login (AuthNet)'
2025-05-28 11:31:16.796 +00:00 [INF] Request finished HTTP/2 POST https://localhost:7165/api/Auth/login - 200 null application/json; charset=utf-8 2687.8922ms
2025-05-28 11:31:45.884 +00:00 [INF] Request starting HTTP/2 GET https://localhost:7165/api/Products - null null
2025-05-28 11:31:45.955 +00:00 [INF] Executing endpoint 'AuthNet.Controllers.ProductsController.GetAll (AuthNet)'
2025-05-28 11:31:45.963 +00:00 [INF] Route matched with {action = "GetAll", controller = "Products"}. Executing controller action with signature System.Threading.Tasks.Task`1[Microsoft.AspNetCore.Mvc.IActionResult] GetAll() on controller AuthNet.Controllers.ProductsController (AuthNet).
2025-05-28 11:31:46.032 +00:00 [INF] Executed DbCommand (22ms) [Parameters=[], CommandType='"Text"', CommandTimeout='30']
SELECT [p].[Id], [p].[Description], [p].[Name], [p].[Price], [p].[ProductCode], [p].[Quantity]
FROM [Products] AS [p]
2025-05-28 11:31:46.064 +00:00 [INF] Executing OkObjectResult, writing value of type 'System.Collections.Generic.List`1[[AuthNet.Models.Product, AuthNet, Version=1.0.0.0, Culture=neutral, PublicKeyToken=null]]'.
2025-05-28 11:31:46.075 +00:00 [INF] Executed action AuthNet.Controllers.ProductsController.GetAll (AuthNet) in 111.9531ms
2025-05-28 11:31:46.077 +00:00 [INF] Executed endpoint 'AuthNet.Controllers.ProductsController.GetAll (AuthNet)'
2025-05-28 11:31:46.078 +00:00 [INF] Request finished HTTP/2 GET https://localhost:7165/api/Products - 200 null application/json; charset=utf-8 195.1341ms
2025-05-28 11:32:10.821 +00:00 [INF] Request starting HTTP/2 DELETE https://localhost:7165/api/Products/1 - null null
2025-05-28 11:32:10.827 +00:00 [INF] Executing endpoint 'AuthNet.Controllers.ProductsController.Delete (AuthNet)'
2025-05-28 11:32:10.833 +00:00 [INF] Route matched with {action = "Delete", controller = "Products"}. Executing controller action with signature System.Threading.Tasks.Task`1[Microsoft.AspNetCore.Mvc.IActionResult] Delete(Int32) on controller AuthNet.Controllers.ProductsController (AuthNet).
2025-05-28 11:32:10.951 +00:00 [INF] Executed DbCommand (12ms) [Parameters=[@__p_0='?' (DbType = Int32)], CommandType='"Text"', CommandTimeout='30']
SELECT TOP(1) [p].[Id], [p].[Description], [p].[Name], [p].[Price], [p].[ProductCode], [p].[Quantity]
FROM [Products] AS [p]
WHERE [p].[Id] = @__p_0
2025-05-28 11:32:11.041 +00:00 [INF] Executed DbCommand (5ms) [Parameters=[@p0='?' (DbType = Int32)], CommandType='"Text"', CommandTimeout='30']
SET IMPLICIT_TRANSACTIONS OFF;
SET NOCOUNT ON;
DELETE FROM [Products]
OUTPUT 1
WHERE [Id] = @p0;
2025-05-28 11:32:11.055 +00:00 [INF] Executing OkObjectResult, writing value of type 'AuthNet.Models.ServiceResponse`1[[System.Boolean, System.Private.CoreLib, Version=8.0.0.0, Culture=neutral, PublicKeyToken=7cec85d7bea7798e]]'.
2025-05-28 11:32:11.057 +00:00 [INF] Executed action AuthNet.Controllers.ProductsController.Delete (AuthNet) in 223.644ms
2025-05-28 11:32:11.057 +00:00 [INF] Executed endpoint 'AuthNet.Controllers.ProductsController.Delete (AuthNet)'
2025-05-28 11:32:11.057 +00:00 [INF] Request finished HTTP/2 DELETE https://localhost:7165/api/Products/1 - 200 null application/json; charset=utf-8 235.8476ms
2025-05-28 11:32:18.991 +00:00 [INF] Request starting HTTP/2 DELETE https://localhost:7165/api/Products/2 - null null
2025-05-28 11:32:18.996 +00:00 [INF] Executing endpoint 'AuthNet.Controllers.ProductsController.Delete (AuthNet)'
2025-05-28 11:32:18.996 +00:00 [INF] Route matched with {action = "Delete", controller = "Products"}. Executing controller action with signature System.Threading.Tasks.Task`1[Microsoft.AspNetCore.Mvc.IActionResult] Delete(Int32) on controller AuthNet.Controllers.ProductsController (AuthNet).
2025-05-28 11:32:19.009 +00:00 [INF] Executed DbCommand (4ms) [Parameters=[@__p_0='?' (DbType = Int32)], CommandType='"Text"', CommandTimeout='30']
SELECT TOP(1) [p].[Id], [p].[Description], [p].[Name], [p].[Price], [p].[ProductCode], [p].[Quantity]
FROM [Products] AS [p]
WHERE [p].[Id] = @__p_0
2025-05-28 11:32:19.014 +00:00 [INF] Executed DbCommand (3ms) [Parameters=[@p0='?' (DbType = Int32)], CommandType='"Text"', CommandTimeout='30']
SET IMPLICIT_TRANSACTIONS OFF;
SET NOCOUNT ON;
DELETE FROM [Products]
OUTPUT 1
WHERE [Id] = @p0;
2025-05-28 11:32:19.015 +00:00 [INF] Executing OkObjectResult, writing value of type 'AuthNet.Models.ServiceResponse`1[[System.Boolean, System.Private.CoreLib, Version=8.0.0.0, Culture=neutral, PublicKeyToken=7cec85d7bea7798e]]'.
2025-05-28 11:32:19.015 +00:00 [INF] Executed action AuthNet.Controllers.ProductsController.Delete (AuthNet) in 18.786ms
2025-05-28 11:32:19.015 +00:00 [INF] Executed endpoint 'AuthNet.Controllers.ProductsController.Delete (AuthNet)'
2025-05-28 11:32:19.015 +00:00 [INF] Request finished HTTP/2 DELETE https://localhost:7165/api/Products/2 - 200 null application/json; charset=utf-8 24.483ms
2025-05-28 11:32:25.069 +00:00 [INF] Request starting HTTP/2 DELETE https://localhost:7165/api/Products/4 - null null
2025-05-28 11:32:25.070 +00:00 [INF] Executing endpoint 'AuthNet.Controllers.ProductsController.Delete (AuthNet)'
2025-05-28 11:32:25.071 +00:00 [INF] Route matched with {action = "Delete", controller = "Products"}. Executing controller action with signature System.Threading.Tasks.Task`1[Microsoft.AspNetCore.Mvc.IActionResult] Delete(Int32) on controller AuthNet.Controllers.ProductsController (AuthNet).
2025-05-28 11:32:25.077 +00:00 [INF] Executed DbCommand (3ms) [Parameters=[@__p_0='?' (DbType = Int32)], CommandType='"Text"', CommandTimeout='30']
SELECT TOP(1) [p].[Id], [p].[Description], [p].[Name], [p].[Price], [p].[ProductCode], [p].[Quantity]
FROM [Products] AS [p]
WHERE [p].[Id] = @__p_0
2025-05-28 11:32:25.081 +00:00 [INF] Executed DbCommand (3ms) [Parameters=[@p0='?' (DbType = Int32)], CommandType='"Text"', CommandTimeout='30']
SET IMPLICIT_TRANSACTIONS OFF;
SET NOCOUNT ON;
DELETE FROM [Products]
OUTPUT 1
WHERE [Id] = @p0;
2025-05-28 11:32:25.107 +00:00 [INF] Executing OkObjectResult, writing value of type 'AuthNet.Models.ServiceResponse`1[[System.Boolean, System.Private.CoreLib, Version=8.0.0.0, Culture=neutral, PublicKeyToken=7cec85d7bea7798e]]'.
2025-05-28 11:32:25.107 +00:00 [INF] Executed action AuthNet.Controllers.ProductsController.Delete (AuthNet) in 35.9879ms
2025-05-28 11:32:25.107 +00:00 [INF] Executed endpoint 'AuthNet.Controllers.ProductsController.Delete (AuthNet)'
2025-05-28 11:32:25.108 +00:00 [INF] Request finished HTTP/2 DELETE https://localhost:7165/api/Products/4 - 200 null application/json; charset=utf-8 39.05ms
2025-05-28 11:32:30.288 +00:00 [INF] Request starting HTTP/2 DELETE https://localhost:7165/api/Products/5 - null null
2025-05-28 11:32:30.289 +00:00 [INF] Executing endpoint 'AuthNet.Controllers.ProductsController.Delete (AuthNet)'
2025-05-28 11:32:30.289 +00:00 [INF] Route matched with {action = "Delete", controller = "Products"}. Executing controller action with signature System.Threading.Tasks.Task`1[Microsoft.AspNetCore.Mvc.IActionResult] Delete(Int32) on controller AuthNet.Controllers.ProductsController (AuthNet).
2025-05-28 11:32:30.295 +00:00 [INF] Executed DbCommand (3ms) [Parameters=[@__p_0='?' (DbType = Int32)], CommandType='"Text"', CommandTimeout='30']
SELECT TOP(1) [p].[Id], [p].[Description], [p].[Name], [p].[Price], [p].[ProductCode], [p].[Quantity]
FROM [Products] AS [p]
WHERE [p].[Id] = @__p_0
2025-05-28 11:32:30.299 +00:00 [INF] Executed DbCommand (3ms) [Parameters=[@p0='?' (DbType = Int32)], CommandType='"Text"', CommandTimeout='30']
SET IMPLICIT_TRANSACTIONS OFF;
SET NOCOUNT ON;
DELETE FROM [Products]
OUTPUT 1
WHERE [Id] = @p0;
2025-05-28 11:32:30.299 +00:00 [INF] Executing OkObjectResult, writing value of type 'AuthNet.Models.ServiceResponse`1[[System.Boolean, System.Private.CoreLib, Version=8.0.0.0, Culture=neutral, PublicKeyToken=7cec85d7bea7798e]]'.
2025-05-28 11:32:30.299 +00:00 [INF] Executed action AuthNet.Controllers.ProductsController.Delete (AuthNet) in 10.029ms
2025-05-28 11:32:30.299 +00:00 [INF] Executed endpoint 'AuthNet.Controllers.ProductsController.Delete (AuthNet)'
2025-05-28 11:32:30.300 +00:00 [INF] Request finished HTTP/2 DELETE https://localhost:7165/api/Products/5 - 200 null application/json; charset=utf-8 11.62ms
2025-05-28 11:32:34.010 +00:00 [INF] Request starting HTTP/2 DELETE https://localhost:7165/api/Products/5 - null null
2025-05-28 11:32:34.011 +00:00 [INF] Executing endpoint 'AuthNet.Controllers.ProductsController.Delete (AuthNet)'
2025-05-28 11:32:34.011 +00:00 [INF] Route matched with {action = "Delete", controller = "Products"}. Executing controller action with signature System.Threading.Tasks.Task`1[Microsoft.AspNetCore.Mvc.IActionResult] Delete(Int32) on controller AuthNet.Controllers.ProductsController (AuthNet).
2025-05-28 11:32:34.035 +00:00 [INF] Executed DbCommand (14ms) [Parameters=[@__p_0='?' (DbType = Int32)], CommandType='"Text"', CommandTimeout='30']
SELECT TOP(1) [p].[Id], [p].[Description], [p].[Name], [p].[Price], [p].[ProductCode], [p].[Quantity]
FROM [Products] AS [p]
WHERE [p].[Id] = @__p_0
2025-05-28 11:32:34.036 +00:00 [INF] Executing NotFoundObjectResult, writing value of type 'AuthNet.Models.ServiceResponse`1[[System.Boolean, System.Private.CoreLib, Version=8.0.0.0, Culture=neutral, PublicKeyToken=7cec85d7bea7798e]]'.
2025-05-28 11:32:34.037 +00:00 [INF] Executed action AuthNet.Controllers.ProductsController.Delete (AuthNet) in 25.4363ms
2025-05-28 11:32:34.037 +00:00 [INF] Executed endpoint 'AuthNet.Controllers.ProductsController.Delete (AuthNet)'
2025-05-28 11:32:34.037 +00:00 [INF] Request finished HTTP/2 DELETE https://localhost:7165/api/Products/5 - 404 null application/json; charset=utf-8 27.4408ms
2025-05-28 11:32:42.727 +00:00 [INF] Request starting HTTP/2 DELETE https://localhost:7165/api/Products/3 - null null
2025-05-28 11:32:42.728 +00:00 [INF] Executing endpoint 'AuthNet.Controllers.ProductsController.Delete (AuthNet)'
2025-05-28 11:32:42.728 +00:00 [INF] Route matched with {action = "Delete", controller = "Products"}. Executing controller action with signature System.Threading.Tasks.Task`1[Microsoft.AspNetCore.Mvc.IActionResult] Delete(Int32) on controller AuthNet.Controllers.ProductsController (AuthNet).
2025-05-28 11:32:42.734 +00:00 [INF] Executed DbCommand (4ms) [Parameters=[@__p_0='?' (DbType = Int32)], CommandType='"Text"', CommandTimeout='30']
SELECT TOP(1) [p].[Id], [p].[Description], [p].[Name], [p].[Price], [p].[ProductCode], [p].[Quantity]
FROM [Products] AS [p]
WHERE [p].[Id] = @__p_0
2025-05-28 11:32:42.735 +00:00 [INF] Executing NotFoundObjectResult, writing value of type 'AuthNet.Models.ServiceResponse`1[[System.Boolean, System.Private.CoreLib, Version=8.0.0.0, Culture=neutral, PublicKeyToken=7cec85d7bea7798e]]'.
2025-05-28 11:32:42.735 +00:00 [INF] Executed action AuthNet.Controllers.ProductsController.Delete (AuthNet) in 6.7982ms
2025-05-28 11:32:42.735 +00:00 [INF] Executed endpoint 'AuthNet.Controllers.ProductsController.Delete (AuthNet)'
2025-05-28 11:32:42.735 +00:00 [INF] Request finished HTTP/2 DELETE https://localhost:7165/api/Products/3 - 404 null application/json; charset=utf-8 8.7458ms
2025-05-28 11:35:06.983 +00:00 [INF] User profile is available. Using 'C:\Users\prashant\AppData\Local\ASP.NET\DataProtection-Keys' as key repository and Windows DPAPI to encrypt keys at rest.
2025-05-28 11:35:07.240 +00:00 [INF] Now listening on: https://localhost:7165
2025-05-28 11:35:07.240 +00:00 [INF] Now listening on: http://localhost:5008
2025-05-28 11:35:07.344 +00:00 [INF] Application started. Press Ctrl+C to shut down.
2025-05-28 11:35:07.344 +00:00 [INF] Hosting environment: Development
2025-05-28 11:35:07.344 +00:00 [INF] Content root path: C:\Users\prashant\source\repos\AuthNet\AuthNet
2025-05-28 11:35:08.547 +00:00 [INF] Request starting HTTP/2 GET https://localhost:7165/swagger/index.html - null null
2025-05-28 11:35:09.009 +00:00 [INF] Request finished HTTP/2 GET https://localhost:7165/swagger/index.html - 200 null text/html;charset=utf-8 474.9286ms
2025-05-28 11:35:09.021 +00:00 [INF] Request starting HTTP/2 GET https://localhost:7165/_framework/aspnetcore-browser-refresh.js - null null
2025-05-28 11:35:09.022 +00:00 [INF] Request starting HTTP/2 GET https://localhost:7165/_vs/browserLink - null null
2025-05-28 11:35:09.030 +00:00 [INF] Request finished HTTP/2 GET https://localhost:7165/_framework/aspnetcore-browser-refresh.js - 200 16499 application/javascript; charset=utf-8 8.5458ms
2025-05-28 11:35:09.087 +00:00 [INF] Request finished HTTP/2 GET https://localhost:7165/_vs/browserLink - 200 null text/javascript; charset=UTF-8 64.3516ms
2025-05-28 11:35:09.150 +00:00 [INF] Request starting HTTP/2 GET https://localhost:7165/swagger/v1/swagger.json - null null
2025-05-28 11:35:09.174 +00:00 [INF] Request finished HTTP/2 GET https://localhost:7165/swagger/v1/swagger.json - 200 null application/json;charset=utf-8 23.7424ms
2025-05-28 11:35:42.562 +00:00 [INF] Request starting HTTP/2 POST https://localhost:7165/api/Auth/login - application/json 76
2025-05-28 11:35:42.635 +00:00 [INF] Executing endpoint 'AuthNet.Controllers.AuthController.Login (AuthNet)'
2025-05-28 11:35:42.663 +00:00 [INF] Route matched with {action = "Login", controller = "Auth"}. Executing controller action with signature Microsoft.AspNetCore.Mvc.IActionResult Login(AuthNet.Models.LoginDto) on controller AuthNet.Controllers.AuthController (AuthNet).
2025-05-28 11:35:43.254 +00:00 [WRN] No store type was specified for the decimal property 'Price' on entity type 'Product'. This will cause values to be silently truncated if they do not fit in the default precision and scale. Explicitly specify the SQL server column type that can accommodate all the values in 'OnModelCreating' using 'HasColumnType', specify precision and scale using 'HasPrecision', or configure a value converter using 'HasConversion'.
2025-05-28 11:35:43.991 +00:00 [INF] Executed DbCommand (36ms) [Parameters=[@__username_0='?' (Size = 4000)], CommandType='"Text"', CommandTimeout='30']
SELECT TOP(1) [u].[Id], [u].[PasswordHash], [u].[Role], [u].[Username]
FROM [Users] AS [u]
WHERE [u].[Username] = @__username_0
2025-05-28 11:35:44.696 +00:00 [INF] Executing OkObjectResult, writing value of type '<>f__AnonymousType0`1[[System.String, System.Private.CoreLib, Version=8.0.0.0, Culture=neutral, PublicKeyToken=7cec85d7bea7798e]]'.
2025-05-28 11:35:44.705 +00:00 [INF] Executed action AuthNet.Controllers.AuthController.Login (AuthNet) in 2037.7301ms
2025-05-28 11:35:44.705 +00:00 [INF] Executed endpoint 'AuthNet.Controllers.AuthController.Login (AuthNet)'
2025-05-28 11:35:44.716 +00:00 [INF] Request finished HTTP/2 POST https://localhost:7165/api/Auth/login - 200 null application/json; charset=utf-8 2153.8788ms
2025-05-28 11:37:37.229 +00:00 [INF] Request starting HTTP/2 POST https://localhost:7165/api/Products - application/json 130
2025-05-28 11:37:37.307 +00:00 [INF] Executing endpoint 'AuthNet.Controllers.ProductsController.Create (AuthNet)'
2025-05-28 11:37:37.313 +00:00 [INF] Route matched with {action = "Create", controller = "Products"}. Executing controller action with signature System.Threading.Tasks.Task`1[Microsoft.AspNetCore.Mvc.IActionResult] Create(AuthNet.Models.Product) on controller AuthNet.Controllers.ProductsController (AuthNet).
2025-05-28 11:37:37.507 +00:00 [INF] Executed DbCommand (29ms) [Parameters=[@p0='?' (Size = 4000), @p1='?' (Size = 4000), @p2='?' (Precision = 18) (Scale = 2) (DbType = Decimal), @p3='?' (Size = 4000), @p4='?' (DbType = Int32)], CommandType='"Text"', CommandTimeout='30']
SET IMPLICIT_TRANSACTIONS OFF;
SET NOCOUNT ON;
INSERT INTO [Products] ([Description], [Name], [Price], [ProductCode], [Quantity])
OUTPUT INSERTED.[Id]
VALUES (@p0, @p1, @p2, @p3, @p4);
2025-05-28 11:37:37.548 +00:00 [INF] Executing OkObjectResult, writing value of type 'AuthNet.Models.ServiceResponse`1[[System.Int32, System.Private.CoreLib, Version=8.0.0.0, Culture=neutral, PublicKeyToken=7cec85d7bea7798e]]'.
2025-05-28 11:37:37.551 +00:00 [INF] Executed action AuthNet.Controllers.ProductsController.Create (AuthNet) in 237.9253ms
2025-05-28 11:37:37.552 +00:00 [INF] Executed endpoint 'AuthNet.Controllers.ProductsController.Create (AuthNet)'
2025-05-28 11:37:37.553 +00:00 [INF] Request finished HTTP/2 POST https://localhost:7165/api/Products - 200 null application/json; charset=utf-8 324.2029ms
2025-05-28 11:37:50.851 +00:00 [INF] Request starting HTTP/2 GET https://localhost:7165/api/Products - null null
2025-05-28 11:37:50.867 +00:00 [INF] Executing endpoint 'AuthNet.Controllers.ProductsController.GetAll (AuthNet)'
2025-05-28 11:37:50.870 +00:00 [INF] Route matched with {action = "GetAll", controller = "Products"}. Executing controller action with signature System.Threading.Tasks.Task`1[Microsoft.AspNetCore.Mvc.IActionResult] GetAll() on controller AuthNet.Controllers.ProductsController (AuthNet).
2025-05-28 11:37:50.954 +00:00 [INF] Executed DbCommand (4ms) [Parameters=[], CommandType='"Text"', CommandTimeout='30']
SELECT [p].[Id], [p].[Description], [p].[Name], [p].[Price], [p].[ProductCode], [p].[Quantity]
FROM [Products] AS [p]
2025-05-28 11:37:50.965 +00:00 [INF] Executing OkObjectResult, writing value of type 'System.Collections.Generic.List`1[[AuthNet.Models.Product, AuthNet, Version=1.0.0.0, Culture=neutral, PublicKeyToken=null]]'.
2025-05-28 11:37:50.969 +00:00 [INF] Executed action AuthNet.Controllers.ProductsController.GetAll (AuthNet) in 98.1548ms
2025-05-28 11:37:50.969 +00:00 [INF] Executed endpoint 'AuthNet.Controllers.ProductsController.GetAll (AuthNet)'
2025-05-28 11:37:50.969 +00:00 [INF] Request finished HTTP/2 GET https://localhost:7165/api/Products - 200 null application/json; charset=utf-8 119.9049ms
