2025-06-27 11:43:09.685 +05:30 [WRN] No store type was specified for the decimal property 'TotalAmount' on entity type 'Order'. This will cause values to be silently truncated if they do not fit in the default precision and scale. Explicitly specify the SQL server column type that can accommodate all the values in 'OnModelCreating' using 'HasColumnType', specify precision and scale using 'HasPrecision', or configure a value converter using 'HasConversion'.
2025-06-27 11:43:09.709 +05:30 [WRN] No store type was specified for the decimal property 'UnitPrice' on entity type 'OrderItem'. This will cause values to be silently truncated if they do not fit in the default precision and scale. Explicitly specify the SQL server column type that can accommodate all the values in 'OnModelCreating' using 'HasColumnType', specify precision and scale using 'HasPrecision', or configure a value converter using 'HasConversion'.
2025-06-27 11:43:09.709 +05:30 [WRN] No store type was specified for the decimal property 'Price' on entity type 'Product'. This will cause values to be silently truncated if they do not fit in the default precision and scale. Explicitly specify the SQL server column type that can accommodate all the values in 'OnModelCreating' using 'HasColumnType', specify precision and scale using 'HasPrecision', or configure a value converter using 'HasConversion'.
2025-06-27 11:43:09.709 +05:30 [WRN] No store type was specified for the decimal property 'TotalAmount' on entity type 'PurchaseOrder'. This will cause values to be silently truncated if they do not fit in the default precision and scale. Explicitly specify the SQL server column type that can accommodate all the values in 'OnModelCreating' using 'HasColumnType', specify precision and scale using 'HasPrecision', or configure a value converter using 'HasConversion'.
2025-06-27 11:43:09.709 +05:30 [WRN] No store type was specified for the decimal property 'CGST' on entity type 'TaxSetting'. This will cause values to be silently truncated if they do not fit in the default precision and scale. Explicitly specify the SQL server column type that can accommodate all the values in 'OnModelCreating' using 'HasColumnType', specify precision and scale using 'HasPrecision', or configure a value converter using 'HasConversion'.
2025-06-27 11:43:09.709 +05:30 [WRN] No store type was specified for the decimal property 'IGST' on entity type 'TaxSetting'. This will cause values to be silently truncated if they do not fit in the default precision and scale. Explicitly specify the SQL server column type that can accommodate all the values in 'OnModelCreating' using 'HasColumnType', specify precision and scale using 'HasPrecision', or configure a value converter using 'HasConversion'.
2025-06-27 11:43:09.709 +05:30 [WRN] No store type was specified for the decimal property 'SGST' on entity type 'TaxSetting'. This will cause values to be silently truncated if they do not fit in the default precision and scale. Explicitly specify the SQL server column type that can accommodate all the values in 'OnModelCreating' using 'HasColumnType', specify precision and scale using 'HasPrecision', or configure a value converter using 'HasConversion'.
2025-06-27 11:47:02.523 +05:30 [INF] User profile is available. Using 'C:\Users\RD\AppData\Local\ASP.NET\DataProtection-Keys' as key repository and Windows DPAPI to encrypt keys at rest.
2025-06-27 11:47:02.786 +05:30 [INF] Now listening on: https://localhost:7165
2025-06-27 11:47:02.787 +05:30 [INF] Now listening on: http://localhost:5008
2025-06-27 11:47:02.873 +05:30 [INF] Application started. Press Ctrl+C to shut down.
2025-06-27 11:47:02.873 +05:30 [INF] Hosting environment: Development
2025-06-27 11:47:02.873 +05:30 [INF] Content root path: C:\Users\RD\Source\Repos\AuthNet\AuthNet
2025-06-27 11:47:05.133 +05:30 [INF] Request starting HTTP/2 GET https://localhost:7165/swagger/index.html - null null
2025-06-27 11:47:05.497 +05:30 [INF] Request finished HTTP/2 GET https://localhost:7165/swagger/index.html - 200 null text/html;charset=utf-8 373.4949ms
2025-06-27 11:47:05.520 +05:30 [INF] Request starting HTTP/2 GET https://localhost:7165/_framework/aspnetcore-browser-refresh.js - null null
2025-06-27 11:47:05.524 +05:30 [INF] Request starting HTTP/2 GET https://localhost:7165/_vs/browserLink - null null
2025-06-27 11:47:05.540 +05:30 [INF] Request finished HTTP/2 GET https://localhost:7165/_framework/aspnetcore-browser-refresh.js - 200 16499 application/javascript; charset=utf-8 20.6401ms
2025-06-27 11:47:05.777 +05:30 [INF] Request finished HTTP/2 GET https://localhost:7165/_vs/browserLink - 200 null text/javascript; charset=UTF-8 252.4732ms
2025-06-27 11:47:05.879 +05:30 [INF] Request starting HTTP/2 GET https://localhost:7165/swagger/v1/swagger.json - null null
2025-06-27 11:47:05.907 +05:30 [INF] Request finished HTTP/2 GET https://localhost:7165/swagger/v1/swagger.json - 200 null application/json;charset=utf-8 29.0778ms
2025-06-27 11:53:10.740 +05:30 [WRN] No store type was specified for the decimal property 'TotalAmount' on entity type 'Order'. This will cause values to be silently truncated if they do not fit in the default precision and scale. Explicitly specify the SQL server column type that can accommodate all the values in 'OnModelCreating' using 'HasColumnType', specify precision and scale using 'HasPrecision', or configure a value converter using 'HasConversion'.
2025-06-27 11:53:10.758 +05:30 [WRN] No store type was specified for the decimal property 'UnitPrice' on entity type 'OrderItem'. This will cause values to be silently truncated if they do not fit in the default precision and scale. Explicitly specify the SQL server column type that can accommodate all the values in 'OnModelCreating' using 'HasColumnType', specify precision and scale using 'HasPrecision', or configure a value converter using 'HasConversion'.
2025-06-27 11:53:10.758 +05:30 [WRN] No store type was specified for the decimal property 'Price' on entity type 'Product'. This will cause values to be silently truncated if they do not fit in the default precision and scale. Explicitly specify the SQL server column type that can accommodate all the values in 'OnModelCreating' using 'HasColumnType', specify precision and scale using 'HasPrecision', or configure a value converter using 'HasConversion'.
2025-06-27 11:53:10.758 +05:30 [WRN] No store type was specified for the decimal property 'TotalAmount' on entity type 'PurchaseOrder'. This will cause values to be silently truncated if they do not fit in the default precision and scale. Explicitly specify the SQL server column type that can accommodate all the values in 'OnModelCreating' using 'HasColumnType', specify precision and scale using 'HasPrecision', or configure a value converter using 'HasConversion'.
2025-06-27 11:53:10.758 +05:30 [WRN] No store type was specified for the decimal property 'CGST' on entity type 'TaxSetting'. This will cause values to be silently truncated if they do not fit in the default precision and scale. Explicitly specify the SQL server column type that can accommodate all the values in 'OnModelCreating' using 'HasColumnType', specify precision and scale using 'HasPrecision', or configure a value converter using 'HasConversion'.
2025-06-27 11:53:10.758 +05:30 [WRN] No store type was specified for the decimal property 'IGST' on entity type 'TaxSetting'. This will cause values to be silently truncated if they do not fit in the default precision and scale. Explicitly specify the SQL server column type that can accommodate all the values in 'OnModelCreating' using 'HasColumnType', specify precision and scale using 'HasPrecision', or configure a value converter using 'HasConversion'.
2025-06-27 11:53:10.758 +05:30 [WRN] No store type was specified for the decimal property 'SGST' on entity type 'TaxSetting'. This will cause values to be silently truncated if they do not fit in the default precision and scale. Explicitly specify the SQL server column type that can accommodate all the values in 'OnModelCreating' using 'HasColumnType', specify precision and scale using 'HasPrecision', or configure a value converter using 'HasConversion'.
2025-06-27 11:53:37.694 +05:30 [INF] User profile is available. Using 'C:\Users\RD\AppData\Local\ASP.NET\DataProtection-Keys' as key repository and Windows DPAPI to encrypt keys at rest.
2025-06-27 11:53:37.908 +05:30 [INF] Now listening on: https://localhost:7165
2025-06-27 11:53:37.908 +05:30 [INF] Now listening on: http://localhost:5008
2025-06-27 11:53:37.977 +05:30 [INF] Application started. Press Ctrl+C to shut down.
2025-06-27 11:53:37.977 +05:30 [INF] Hosting environment: Development
2025-06-27 11:53:37.977 +05:30 [INF] Content root path: C:\Users\RD\Source\Repos\AuthNet\AuthNet
2025-06-27 11:53:39.584 +05:30 [INF] Request starting HTTP/2 GET https://localhost:7165/swagger/index.html - null null
2025-06-27 11:53:39.748 +05:30 [INF] Request finished HTTP/2 GET https://localhost:7165/swagger/index.html - 200 null text/html;charset=utf-8 173.3046ms
2025-06-27 11:53:39.756 +05:30 [INF] Request starting HTTP/2 GET https://localhost:7165/_framework/aspnetcore-browser-refresh.js - null null
2025-06-27 11:53:39.758 +05:30 [INF] Request starting HTTP/2 GET https://localhost:7165/_vs/browserLink - null null
2025-06-27 11:53:39.762 +05:30 [INF] Request finished HTTP/2 GET https://localhost:7165/_framework/aspnetcore-browser-refresh.js - 200 16499 application/javascript; charset=utf-8 5.2944ms
2025-06-27 11:53:39.786 +05:30 [INF] Request finished HTTP/2 GET https://localhost:7165/_vs/browserLink - 200 null text/javascript; charset=UTF-8 27.6649ms
2025-06-27 11:53:39.871 +05:30 [INF] Request starting HTTP/2 GET https://localhost:7165/swagger/v1/swagger.json - null null
2025-06-27 11:53:39.901 +05:30 [INF] Request finished HTTP/2 GET https://localhost:7165/swagger/v1/swagger.json - 200 null application/json;charset=utf-8 29.8322ms
2025-06-27 11:55:51.517 +05:30 [INF] Request starting HTTP/2 GET https://localhost:7165/swagger/index.html - null null
2025-06-27 11:55:51.530 +05:30 [INF] Request finished HTTP/2 GET https://localhost:7165/swagger/index.html - 200 null text/html;charset=utf-8 12.635ms
2025-06-27 11:55:51.538 +05:30 [INF] Request starting HTTP/2 GET https://localhost:7165/_vs/browserLink - null null
2025-06-27 11:55:51.538 +05:30 [INF] Request starting HTTP/2 GET https://localhost:7165/_framework/aspnetcore-browser-refresh.js - null null
2025-06-27 11:55:51.539 +05:30 [INF] Request finished HTTP/2 GET https://localhost:7165/_framework/aspnetcore-browser-refresh.js - 200 16499 application/javascript; charset=utf-8 1.2236ms
2025-06-27 11:55:51.554 +05:30 [INF] Request finished HTTP/2 GET https://localhost:7165/_vs/browserLink - 200 null text/javascript; charset=UTF-8 16.5761ms
2025-06-27 11:55:51.797 +05:30 [INF] Request starting HTTP/2 GET https://localhost:7165/swagger/v1/swagger.json - null null
2025-06-27 11:55:51.818 +05:30 [INF] Request finished HTTP/2 GET https://localhost:7165/swagger/v1/swagger.json - 200 null application/json;charset=utf-8 21.7411ms
2025-06-27 11:58:18.280 +05:30 [INF] User profile is available. Using 'C:\Users\RD\AppData\Local\ASP.NET\DataProtection-Keys' as key repository and Windows DPAPI to encrypt keys at rest.
2025-06-27 11:58:22.449 +05:30 [INF] Now listening on: https://localhost:7165
2025-06-27 11:58:22.451 +05:30 [INF] Now listening on: http://localhost:5008
2025-06-27 11:58:23.848 +05:30 [INF] Application started. Press Ctrl+C to shut down.
2025-06-27 11:58:23.852 +05:30 [INF] Hosting environment: Development
2025-06-27 11:58:23.856 +05:30 [INF] Content root path: C:\Users\RD\Source\Repos\AuthNet\AuthNet
2025-06-27 11:58:25.017 +05:30 [INF] Request starting HTTP/2 GET https://localhost:7165/swagger/index.html - null null
2025-06-27 11:58:27.064 +05:30 [INF] Request finished HTTP/2 GET https://localhost:7165/swagger/index.html - 200 null text/html;charset=utf-8 2138.1172ms
2025-06-27 11:58:27.101 +05:30 [INF] Request starting HTTP/2 GET https://localhost:7165/_framework/aspnetcore-browser-refresh.js - null null
2025-06-27 11:58:27.138 +05:30 [INF] Request finished HTTP/2 GET https://localhost:7165/_framework/aspnetcore-browser-refresh.js - 200 16499 application/javascript; charset=utf-8 37.3403ms
2025-06-27 11:58:27.190 +05:30 [INF] Request starting HTTP/2 GET https://localhost:7165/_vs/browserLink - null null
2025-06-27 11:58:27.497 +05:30 [INF] Request finished HTTP/2 GET https://localhost:7165/_vs/browserLink - 200 null text/javascript; charset=UTF-8 308.4756ms
2025-06-27 11:58:30.335 +05:30 [INF] Request starting HTTP/2 GET https://localhost:7165/swagger/v1/swagger.json - null null
2025-06-27 11:58:30.557 +05:30 [INF] Request finished HTTP/2 GET https://localhost:7165/swagger/v1/swagger.json - 200 null application/json;charset=utf-8 222.9946ms
2025-06-27 12:04:39.028 +05:30 [INF] User profile is available. Using 'C:\Users\RD\AppData\Local\ASP.NET\DataProtection-Keys' as key repository and Windows DPAPI to encrypt keys at rest.
2025-06-27 12:04:40.541 +05:30 [INF] Now listening on: https://localhost:7165
2025-06-27 12:04:40.543 +05:30 [INF] Now listening on: http://localhost:5008
2025-06-27 12:04:41.239 +05:30 [INF] Application started. Press Ctrl+C to shut down.
2025-06-27 12:04:41.239 +05:30 [INF] Hosting environment: Development
2025-06-27 12:04:41.239 +05:30 [INF] Content root path: C:\Users\RD\Source\Repos\AuthNet\AuthNet
2025-06-27 12:04:43.668 +05:30 [INF] Request starting HTTP/2 GET https://localhost:7165/swagger/index.html - null null
2025-06-27 12:04:45.560 +05:30 [INF] Request finished HTTP/2 GET https://localhost:7165/swagger/index.html - 200 null text/html;charset=utf-8 2010.061ms
2025-06-27 12:04:45.646 +05:30 [INF] Request starting HTTP/2 GET https://localhost:7165/_framework/aspnetcore-browser-refresh.js - null null
2025-06-27 12:04:45.673 +05:30 [INF] Request starting HTTP/2 GET https://localhost:7165/_vs/browserLink - null null
2025-06-27 12:04:45.679 +05:30 [INF] Request finished HTTP/2 GET https://localhost:7165/_framework/aspnetcore-browser-refresh.js - 200 16499 application/javascript; charset=utf-8 32.6826ms
2025-06-27 12:04:46.145 +05:30 [INF] Request finished HTTP/2 GET https://localhost:7165/_vs/browserLink - 200 null text/javascript; charset=UTF-8 471.9652ms
2025-06-27 12:04:48.576 +05:30 [INF] Request starting HTTP/2 GET https://localhost:7165/swagger/v1/swagger.json - null null
2025-06-27 12:04:48.783 +05:30 [INF] Request finished HTTP/2 GET https://localhost:7165/swagger/v1/swagger.json - 200 null application/json;charset=utf-8 217.063ms
2025-06-27 12:08:37.284 +05:30 [INF] User profile is available. Using 'C:\Users\RD\AppData\Local\ASP.NET\DataProtection-Keys' as key repository and Windows DPAPI to encrypt keys at rest.
2025-06-27 12:08:38.516 +05:30 [INF] Now listening on: https://localhost:7165
2025-06-27 12:08:38.518 +05:30 [INF] Now listening on: http://localhost:5008
2025-06-27 12:08:39.091 +05:30 [INF] Application started. Press Ctrl+C to shut down.
2025-06-27 12:08:39.093 +05:30 [INF] Hosting environment: Development
2025-06-27 12:08:39.093 +05:30 [INF] Content root path: C:\Users\RD\Source\Repos\AuthNet\AuthNet
2025-06-27 12:08:40.074 +05:30 [INF] Request starting HTTP/2 GET https://localhost:7165/swagger/index.html - null null
2025-06-27 12:08:41.273 +05:30 [INF] Request finished HTTP/2 GET https://localhost:7165/swagger/index.html - 200 null text/html;charset=utf-8 1263.5317ms
2025-06-27 12:08:41.404 +05:30 [INF] Request starting HTTP/2 GET https://localhost:7165/_framework/aspnetcore-browser-refresh.js - null null
2025-06-27 12:08:41.438 +05:30 [INF] Request finished HTTP/2 GET https://localhost:7165/_framework/aspnetcore-browser-refresh.js - 200 16499 application/javascript; charset=utf-8 34.5109ms
2025-06-27 12:08:41.520 +05:30 [INF] Request starting HTTP/2 GET https://localhost:7165/_vs/browserLink - null null
2025-06-27 12:08:41.731 +05:30 [INF] Request finished HTTP/2 GET https://localhost:7165/_vs/browserLink - 200 null text/javascript; charset=UTF-8 210.8189ms
2025-06-27 12:08:43.869 +05:30 [INF] Request starting HTTP/2 GET https://localhost:7165/swagger/v1/swagger.json - null null
2025-06-27 12:08:44.098 +05:30 [INF] Request finished HTTP/2 GET https://localhost:7165/swagger/v1/swagger.json - 200 null application/json;charset=utf-8 228.9628ms
2025-06-27 12:09:20.354 +05:30 [INF] Request starting HTTP/2 GET https://localhost:7165/api/TaxSettings/1 - null null
2025-06-27 12:09:20.427 +05:30 [INF] Executing endpoint 'AuthNet.Controllers.TaxSettingsController.GetById (AuthNet)'
2025-06-27 12:09:20.474 +05:30 [INF] Route matched with {action = "GetById", controller = "TaxSettings"}. Executing controller action with signature System.Threading.Tasks.Task`1[Microsoft.AspNetCore.Mvc.IActionResult] GetById(Int32) on controller AuthNet.Controllers.TaxSettingsController (AuthNet).
2025-06-27 12:09:21.437 +05:30 [WRN] No store type was specified for the decimal property 'TotalAmount' on entity type 'Order'. This will cause values to be silently truncated if they do not fit in the default precision and scale. Explicitly specify the SQL server column type that can accommodate all the values in 'OnModelCreating' using 'HasColumnType', specify precision and scale using 'HasPrecision', or configure a value converter using 'HasConversion'.
2025-06-27 12:09:21.438 +05:30 [WRN] No store type was specified for the decimal property 'UnitPrice' on entity type 'OrderItem'. This will cause values to be silently truncated if they do not fit in the default precision and scale. Explicitly specify the SQL server column type that can accommodate all the values in 'OnModelCreating' using 'HasColumnType', specify precision and scale using 'HasPrecision', or configure a value converter using 'HasConversion'.
2025-06-27 12:09:21.438 +05:30 [WRN] No store type was specified for the decimal property 'Price' on entity type 'Product'. This will cause values to be silently truncated if they do not fit in the default precision and scale. Explicitly specify the SQL server column type that can accommodate all the values in 'OnModelCreating' using 'HasColumnType', specify precision and scale using 'HasPrecision', or configure a value converter using 'HasConversion'.
2025-06-27 12:09:21.438 +05:30 [WRN] No store type was specified for the decimal property 'TotalAmount' on entity type 'PurchaseOrder'. This will cause values to be silently truncated if they do not fit in the default precision and scale. Explicitly specify the SQL server column type that can accommodate all the values in 'OnModelCreating' using 'HasColumnType', specify precision and scale using 'HasPrecision', or configure a value converter using 'HasConversion'.
2025-06-27 12:09:21.438 +05:30 [WRN] No store type was specified for the decimal property 'CGST' on entity type 'TaxSetting'. This will cause values to be silently truncated if they do not fit in the default precision and scale. Explicitly specify the SQL server column type that can accommodate all the values in 'OnModelCreating' using 'HasColumnType', specify precision and scale using 'HasPrecision', or configure a value converter using 'HasConversion'.
2025-06-27 12:09:21.438 +05:30 [WRN] No store type was specified for the decimal property 'IGST' on entity type 'TaxSetting'. This will cause values to be silently truncated if they do not fit in the default precision and scale. Explicitly specify the SQL server column type that can accommodate all the values in 'OnModelCreating' using 'HasColumnType', specify precision and scale using 'HasPrecision', or configure a value converter using 'HasConversion'.
2025-06-27 12:09:21.438 +05:30 [WRN] No store type was specified for the decimal property 'SGST' on entity type 'TaxSetting'. This will cause values to be silently truncated if they do not fit in the default precision and scale. Explicitly specify the SQL server column type that can accommodate all the values in 'OnModelCreating' using 'HasColumnType', specify precision and scale using 'HasPrecision', or configure a value converter using 'HasConversion'.
2025-06-27 12:09:22.315 +05:30 [INF] Executed DbCommand (75ms) [Parameters=[@__id_0='?' (DbType = Int32)], CommandType='"Text"', CommandTimeout='30']
SELECT TOP(1) [t].[Id], [t].[CGST], [t].[IGST], [t].[SGST]
FROM [TaxSettings] AS [t]
WHERE [t].[Id] = @__id_0
2025-06-27 12:09:22.368 +05:30 [INF] Executing NotFoundObjectResult, writing value of type '<>f__AnonymousType1`1[[System.String, System.Private.CoreLib, Version=8.0.0.0, Culture=neutral, PublicKeyToken=7cec85d7bea7798e]]'.
2025-06-27 12:09:22.381 +05:30 [INF] Executed action AuthNet.Controllers.TaxSettingsController.GetById (AuthNet) in 1903.8975ms
2025-06-27 12:09:22.382 +05:30 [INF] Executed endpoint 'AuthNet.Controllers.TaxSettingsController.GetById (AuthNet)'
2025-06-27 12:09:22.389 +05:30 [INF] Request finished HTTP/2 GET https://localhost:7165/api/TaxSettings/1 - 404 null application/json; charset=utf-8 2034.8973ms
2025-06-27 12:09:28.174 +05:30 [INF] Request starting HTTP/2 GET https://localhost:7165/api/TaxSettings/4 - null null
2025-06-27 12:09:28.177 +05:30 [INF] Executing endpoint 'AuthNet.Controllers.TaxSettingsController.GetById (AuthNet)'
2025-06-27 12:09:28.178 +05:30 [INF] Route matched with {action = "GetById", controller = "TaxSettings"}. Executing controller action with signature System.Threading.Tasks.Task`1[Microsoft.AspNetCore.Mvc.IActionResult] GetById(Int32) on controller AuthNet.Controllers.TaxSettingsController (AuthNet).
2025-06-27 12:09:28.206 +05:30 [INF] Executed DbCommand (8ms) [Parameters=[@__id_0='?' (DbType = Int32)], CommandType='"Text"', CommandTimeout='30']
SELECT TOP(1) [t].[Id], [t].[CGST], [t].[IGST], [t].[SGST]
FROM [TaxSettings] AS [t]
WHERE [t].[Id] = @__id_0
2025-06-27 12:09:28.207 +05:30 [INF] Executing NotFoundObjectResult, writing value of type '<>f__AnonymousType1`1[[System.String, System.Private.CoreLib, Version=8.0.0.0, Culture=neutral, PublicKeyToken=7cec85d7bea7798e]]'.
2025-06-27 12:09:28.207 +05:30 [INF] Executed action AuthNet.Controllers.TaxSettingsController.GetById (AuthNet) in 29.1735ms
2025-06-27 12:09:28.207 +05:30 [INF] Executed endpoint 'AuthNet.Controllers.TaxSettingsController.GetById (AuthNet)'
2025-06-27 12:09:28.207 +05:30 [INF] Request finished HTTP/2 GET https://localhost:7165/api/TaxSettings/4 - 404 null application/json; charset=utf-8 33.5722ms
2025-06-27 12:09:33.655 +05:30 [INF] Request starting HTTP/2 GET https://localhost:7165/api/TaxSettings/2 - null null
2025-06-27 12:09:33.657 +05:30 [INF] Executing endpoint 'AuthNet.Controllers.TaxSettingsController.GetById (AuthNet)'
2025-06-27 12:09:33.658 +05:30 [INF] Route matched with {action = "GetById", controller = "TaxSettings"}. Executing controller action with signature System.Threading.Tasks.Task`1[Microsoft.AspNetCore.Mvc.IActionResult] GetById(Int32) on controller AuthNet.Controllers.TaxSettingsController (AuthNet).
2025-06-27 12:09:33.732 +05:30 [INF] Executed DbCommand (2ms) [Parameters=[@__id_0='?' (DbType = Int32)], CommandType='"Text"', CommandTimeout='30']
SELECT TOP(1) [t].[Id], [t].[CGST], [t].[IGST], [t].[SGST]
FROM [TaxSettings] AS [t]
WHERE [t].[Id] = @__id_0
2025-06-27 12:09:33.732 +05:30 [INF] Executing NotFoundObjectResult, writing value of type '<>f__AnonymousType1`1[[System.String, System.Private.CoreLib, Version=8.0.0.0, Culture=neutral, PublicKeyToken=7cec85d7bea7798e]]'.
2025-06-27 12:09:33.733 +05:30 [INF] Executed action AuthNet.Controllers.TaxSettingsController.GetById (AuthNet) in 74.8132ms
2025-06-27 12:09:33.733 +05:30 [INF] Executed endpoint 'AuthNet.Controllers.TaxSettingsController.GetById (AuthNet)'
2025-06-27 12:09:33.733 +05:30 [INF] Request finished HTTP/2 GET https://localhost:7165/api/TaxSettings/2 - 404 null application/json; charset=utf-8 78.0402ms
2025-06-27 12:09:39.621 +05:30 [INF] Request starting HTTP/2 GET https://localhost:7165/api/TaxSettings/5 - null null
2025-06-27 12:09:39.622 +05:30 [INF] Executing endpoint 'AuthNet.Controllers.TaxSettingsController.GetById (AuthNet)'
2025-06-27 12:09:39.622 +05:30 [INF] Route matched with {action = "GetById", controller = "TaxSettings"}. Executing controller action with signature System.Threading.Tasks.Task`1[Microsoft.AspNetCore.Mvc.IActionResult] GetById(Int32) on controller AuthNet.Controllers.TaxSettingsController (AuthNet).
2025-06-27 12:09:39.626 +05:30 [INF] Executed DbCommand (3ms) [Parameters=[@__id_0='?' (DbType = Int32)], CommandType='"Text"', CommandTimeout='30']
SELECT TOP(1) [t].[Id], [t].[CGST], [t].[IGST], [t].[SGST]
FROM [TaxSettings] AS [t]
WHERE [t].[Id] = @__id_0
2025-06-27 12:09:39.627 +05:30 [INF] Executing NotFoundObjectResult, writing value of type '<>f__AnonymousType1`1[[System.String, System.Private.CoreLib, Version=8.0.0.0, Culture=neutral, PublicKeyToken=7cec85d7bea7798e]]'.
2025-06-27 12:09:39.627 +05:30 [INF] Executed action AuthNet.Controllers.TaxSettingsController.GetById (AuthNet) in 5.0134ms
2025-06-27 12:09:39.627 +05:30 [INF] Executed endpoint 'AuthNet.Controllers.TaxSettingsController.GetById (AuthNet)'
2025-06-27 12:09:39.627 +05:30 [INF] Request finished HTTP/2 GET https://localhost:7165/api/TaxSettings/5 - 404 null application/json; charset=utf-8 6.4164ms
2025-06-27 12:10:03.097 +05:30 [INF] Request starting HTTP/2 GET https://localhost:7165/api/TaxSettings/2 - null null
2025-06-27 12:10:03.098 +05:30 [INF] Executing endpoint 'AuthNet.Controllers.TaxSettingsController.GetById (AuthNet)'
2025-06-27 12:10:03.098 +05:30 [INF] Route matched with {action = "GetById", controller = "TaxSettings"}. Executing controller action with signature System.Threading.Tasks.Task`1[Microsoft.AspNetCore.Mvc.IActionResult] GetById(Int32) on controller AuthNet.Controllers.TaxSettingsController (AuthNet).
2025-06-27 12:10:03.104 +05:30 [INF] Executed DbCommand (3ms) [Parameters=[@__id_0='?' (DbType = Int32)], CommandType='"Text"', CommandTimeout='30']
SELECT TOP(1) [t].[Id], [t].[CGST], [t].[IGST], [t].[SGST]
FROM [TaxSettings] AS [t]
WHERE [t].[Id] = @__id_0
2025-06-27 12:10:03.104 +05:30 [INF] Executing NotFoundObjectResult, writing value of type '<>f__AnonymousType1`1[[System.String, System.Private.CoreLib, Version=8.0.0.0, Culture=neutral, PublicKeyToken=7cec85d7bea7798e]]'.
2025-06-27 12:10:03.104 +05:30 [INF] Executed action AuthNet.Controllers.TaxSettingsController.GetById (AuthNet) in 6.4485ms
2025-06-27 12:10:03.105 +05:30 [INF] Executed endpoint 'AuthNet.Controllers.TaxSettingsController.GetById (AuthNet)'
2025-06-27 12:10:03.105 +05:30 [INF] Request finished HTTP/2 GET https://localhost:7165/api/TaxSettings/2 - 404 null application/json; charset=utf-8 8.2965ms
2025-06-27 12:15:31.354 +05:30 [INF] Request starting HTTP/2 GET https://localhost:7165/api/TaxSettings/2 - null null
2025-06-27 12:15:31.360 +05:30 [INF] Executing endpoint 'AuthNet.Controllers.TaxSettingsController.GetById (AuthNet)'
2025-06-27 12:15:31.360 +05:30 [INF] Route matched with {action = "GetById", controller = "TaxSettings"}. Executing controller action with signature System.Threading.Tasks.Task`1[Microsoft.AspNetCore.Mvc.IActionResult] GetById(Int32) on controller AuthNet.Controllers.TaxSettingsController (AuthNet).
2025-06-27 12:15:31.378 +05:30 [INF] Executed DbCommand (5ms) [Parameters=[@__id_0='?' (DbType = Int32)], CommandType='"Text"', CommandTimeout='30']
SELECT TOP(1) [t].[Id], [t].[CGST], [t].[IGST], [t].[SGST]
FROM [TaxSettings] AS [t]
WHERE [t].[Id] = @__id_0
2025-06-27 12:15:31.412 +05:30 [INF] Executing OkObjectResult, writing value of type 'AuthNet.Models.DTO.TaxSettingDto'.
2025-06-27 12:15:31.419 +05:30 [INF] Executed action AuthNet.Controllers.TaxSettingsController.GetById (AuthNet) in 58.153ms
2025-06-27 12:15:31.419 +05:30 [INF] Executed endpoint 'AuthNet.Controllers.TaxSettingsController.GetById (AuthNet)'
2025-06-27 12:15:31.419 +05:30 [INF] Request finished HTTP/2 GET https://localhost:7165/api/TaxSettings/2 - 200 null application/json; charset=utf-8 64.922ms
2025-06-27 12:16:44.218 +05:30 [INF] User profile is available. Using 'C:\Users\RD\AppData\Local\ASP.NET\DataProtection-Keys' as key repository and Windows DPAPI to encrypt keys at rest.
2025-06-27 12:16:45.063 +05:30 [INF] Now listening on: https://localhost:7165
2025-06-27 12:16:45.067 +05:30 [INF] Now listening on: http://localhost:5008
2025-06-27 12:16:45.928 +05:30 [INF] Application started. Press Ctrl+C to shut down.
2025-06-27 12:16:45.930 +05:30 [INF] Hosting environment: Development
2025-06-27 12:16:45.931 +05:30 [INF] Content root path: C:\Users\RD\Source\Repos\AuthNet\AuthNet
2025-06-27 12:16:47.916 +05:30 [INF] Request starting HTTP/2 GET https://localhost:7165/swagger/index.html - null null
2025-06-27 12:16:49.057 +05:30 [INF] Request finished HTTP/2 GET https://localhost:7165/swagger/index.html - 200 null text/html;charset=utf-8 1197.4951ms
2025-06-27 12:16:49.145 +05:30 [INF] Request starting HTTP/2 GET https://localhost:7165/_vs/browserLink - null null
2025-06-27 12:16:49.145 +05:30 [INF] Request starting HTTP/2 GET https://localhost:7165/_framework/aspnetcore-browser-refresh.js - null null
2025-06-27 12:16:49.167 +05:30 [INF] Request finished HTTP/2 GET https://localhost:7165/_framework/aspnetcore-browser-refresh.js - 200 16499 application/javascript; charset=utf-8 19.486ms
2025-06-27 12:16:49.304 +05:30 [INF] Request finished HTTP/2 GET https://localhost:7165/_vs/browserLink - 200 null text/javascript; charset=UTF-8 160.1774ms
2025-06-27 12:16:49.732 +05:30 [INF] Request starting HTTP/2 GET https://localhost:7165/swagger/v1/swagger.json - null null
2025-06-27 12:16:49.942 +05:30 [INF] Request finished HTTP/2 GET https://localhost:7165/swagger/v1/swagger.json - 200 null application/json;charset=utf-8 210.5464ms
2025-06-27 12:17:58.914 +05:30 [INF] Request starting HTTP/2 GET https://localhost:7165/swagger/index.html - null null
2025-06-27 12:17:58.921 +05:30 [INF] Request finished HTTP/2 GET https://localhost:7165/swagger/index.html - 200 null text/html;charset=utf-8 7.3153ms
2025-06-27 12:17:58.933 +05:30 [INF] Request starting HTTP/2 GET https://localhost:7165/_framework/aspnetcore-browser-refresh.js - null null
2025-06-27 12:17:58.933 +05:30 [INF] Request starting HTTP/2 GET https://localhost:7165/_vs/browserLink - null null
2025-06-27 12:17:58.934 +05:30 [INF] Request finished HTTP/2 GET https://localhost:7165/_framework/aspnetcore-browser-refresh.js - 200 16499 application/javascript; charset=utf-8 1.0242ms
2025-06-27 12:17:58.947 +05:30 [INF] Request finished HTTP/2 GET https://localhost:7165/_vs/browserLink - 200 null text/javascript; charset=UTF-8 13.5891ms
2025-06-27 12:17:59.006 +05:30 [INF] Request starting HTTP/2 GET https://localhost:7165/swagger/v1/swagger.json - null null
2025-06-27 12:17:59.032 +05:30 [INF] Request finished HTTP/2 GET https://localhost:7165/swagger/v1/swagger.json - 200 null application/json;charset=utf-8 26.2979ms
2025-06-27 12:19:31.259 +05:30 [INF] Request starting HTTP/2 GET https://localhost:7165/swagger/index.html - null null
2025-06-27 12:19:31.264 +05:30 [INF] Request finished HTTP/2 GET https://localhost:7165/swagger/index.html - 200 null text/html;charset=utf-8 5.7398ms
2025-06-27 12:19:31.273 +05:30 [INF] Request starting HTTP/2 GET https://localhost:7165/_framework/aspnetcore-browser-refresh.js - null null
2025-06-27 12:19:31.273 +05:30 [INF] Request starting HTTP/2 GET https://localhost:7165/_vs/browserLink - null null
2025-06-27 12:19:31.274 +05:30 [INF] Request finished HTTP/2 GET https://localhost:7165/_framework/aspnetcore-browser-refresh.js - 200 16499 application/javascript; charset=utf-8 0.9049ms
2025-06-27 12:19:31.279 +05:30 [INF] Request finished HTTP/2 GET https://localhost:7165/_vs/browserLink - 200 null text/javascript; charset=UTF-8 6.1348ms
2025-06-27 12:19:31.525 +05:30 [INF] Request starting HTTP/2 GET https://localhost:7165/swagger/v1/swagger.json - null null
2025-06-27 12:19:31.533 +05:30 [INF] Request finished HTTP/2 GET https://localhost:7165/swagger/v1/swagger.json - 200 null application/json;charset=utf-8 8.6286ms
2025-06-27 12:27:59.016 +05:30 [INF] User profile is available. Using 'C:\Users\RD\AppData\Local\ASP.NET\DataProtection-Keys' as key repository and Windows DPAPI to encrypt keys at rest.
2025-06-27 12:27:59.296 +05:30 [INF] Now listening on: https://localhost:7165
2025-06-27 12:27:59.296 +05:30 [INF] Now listening on: http://localhost:5008
2025-06-27 12:27:59.412 +05:30 [INF] Application started. Press Ctrl+C to shut down.
2025-06-27 12:27:59.412 +05:30 [INF] Hosting environment: Development
2025-06-27 12:27:59.412 +05:30 [INF] Content root path: C:\Users\RD\Source\Repos\AuthNet\AuthNet
2025-06-27 12:27:59.639 +05:30 [INF] Request starting HTTP/2 GET https://localhost:7165/swagger/index.html - null null
2025-06-27 12:27:59.803 +05:30 [INF] Request finished HTTP/2 GET https://localhost:7165/swagger/index.html - 200 null text/html;charset=utf-8 169.7109ms
2025-06-27 12:27:59.809 +05:30 [INF] Request starting HTTP/2 GET https://localhost:7165/_framework/aspnetcore-browser-refresh.js - null null
2025-06-27 12:27:59.809 +05:30 [INF] Request starting HTTP/2 GET https://localhost:7165/_vs/browserLink - null null
2025-06-27 12:27:59.817 +05:30 [INF] Request finished HTTP/2 GET https://localhost:7165/_framework/aspnetcore-browser-refresh.js - 200 16499 application/javascript; charset=utf-8 7.7535ms
2025-06-27 12:27:59.846 +05:30 [INF] Request finished HTTP/2 GET https://localhost:7165/_vs/browserLink - 200 null text/javascript; charset=UTF-8 36.8577ms
2025-06-27 12:28:00.187 +05:30 [INF] Request starting HTTP/2 GET https://localhost:7165/swagger/v1/swagger.json - null null
2025-06-27 12:28:00.214 +05:30 [INF] Request finished HTTP/2 GET https://localhost:7165/swagger/v1/swagger.json - 200 null application/json;charset=utf-8 26.6915ms
2025-06-27 12:32:26.737 +05:30 [INF] User profile is available. Using 'C:\Users\RD\AppData\Local\ASP.NET\DataProtection-Keys' as key repository and Windows DPAPI to encrypt keys at rest.
2025-06-27 12:32:26.977 +05:30 [INF] Now listening on: https://localhost:7165
2025-06-27 12:32:26.977 +05:30 [INF] Now listening on: http://localhost:5008
2025-06-27 12:32:27.059 +05:30 [INF] Application started. Press Ctrl+C to shut down.
2025-06-27 12:32:27.059 +05:30 [INF] Hosting environment: Development
2025-06-27 12:32:27.059 +05:30 [INF] Content root path: C:\Users\RD\Source\Repos\AuthNet\AuthNet
2025-06-27 12:32:27.735 +05:30 [INF] Request starting HTTP/2 GET https://localhost:7165/swagger/index.html - null null
2025-06-27 12:32:27.913 +05:30 [INF] Request finished HTTP/2 GET https://localhost:7165/swagger/index.html - 200 null text/html;charset=utf-8 182.9604ms
2025-06-27 12:32:27.929 +05:30 [INF] Request starting HTTP/2 GET https://localhost:7165/_framework/aspnetcore-browser-refresh.js - null null
2025-06-27 12:32:27.930 +05:30 [INF] Request starting HTTP/2 GET https://localhost:7165/_vs/browserLink - null null
2025-06-27 12:32:27.933 +05:30 [INF] Request finished HTTP/2 GET https://localhost:7165/_framework/aspnetcore-browser-refresh.js - 200 16499 application/javascript; charset=utf-8 4.8028ms
2025-06-27 12:32:27.966 +05:30 [INF] Request finished HTTP/2 GET https://localhost:7165/_vs/browserLink - 200 null text/javascript; charset=UTF-8 35.7337ms
2025-06-27 12:32:28.063 +05:30 [INF] Request starting HTTP/2 GET https://localhost:7165/swagger/v1/swagger.json - null null
2025-06-27 12:32:28.087 +05:30 [INF] Request finished HTTP/2 GET https://localhost:7165/swagger/v1/swagger.json - 200 null application/json;charset=utf-8 24.9497ms
2025-06-27 13:26:12.592 +05:30 [INF] User profile is available. Using 'C:\Users\RD\AppData\Local\ASP.NET\DataProtection-Keys' as key repository and Windows DPAPI to encrypt keys at rest.
2025-06-27 13:26:12.786 +05:30 [INF] Now listening on: https://localhost:7165
2025-06-27 13:26:12.787 +05:30 [INF] Now listening on: http://localhost:5008
2025-06-27 13:26:12.865 +05:30 [INF] Application started. Press Ctrl+C to shut down.
2025-06-27 13:26:12.865 +05:30 [INF] Hosting environment: Development
2025-06-27 13:26:12.865 +05:30 [INF] Content root path: C:\Users\RD\Source\Repos\AuthNet\AuthNet
2025-06-27 13:26:14.573 +05:30 [INF] Request starting HTTP/2 GET https://localhost:7165/swagger/index.html - null null
2025-06-27 13:26:15.173 +05:30 [INF] Request finished HTTP/2 GET https://localhost:7165/swagger/index.html - 200 null text/html;charset=utf-8 604.275ms
2025-06-27 13:26:15.186 +05:30 [INF] Request starting HTTP/2 GET https://localhost:7165/_framework/aspnetcore-browser-refresh.js - null null
2025-06-27 13:26:15.197 +05:30 [INF] Request starting HTTP/2 GET https://localhost:7165/_vs/browserLink - null null
2025-06-27 13:26:15.202 +05:30 [INF] Request finished HTTP/2 GET https://localhost:7165/_framework/aspnetcore-browser-refresh.js - 200 16499 application/javascript; charset=utf-8 15.7903ms
2025-06-27 13:26:15.318 +05:30 [INF] Request finished HTTP/2 GET https://localhost:7165/_vs/browserLink - 200 null text/javascript; charset=UTF-8 121.1171ms
2025-06-27 13:26:15.439 +05:30 [INF] Request starting HTTP/2 GET https://localhost:7165/swagger/v1/swagger.json - null null
2025-06-27 13:26:15.461 +05:30 [INF] Request finished HTTP/2 GET https://localhost:7165/swagger/v1/swagger.json - 200 null application/json;charset=utf-8 21.7804ms
2025-06-27 13:34:31.709 +05:30 [INF] Request starting HTTP/2 GET https://localhost:7165/swagger/index.html - null null
2025-06-27 13:34:31.723 +05:30 [INF] Request finished HTTP/2 GET https://localhost:7165/swagger/index.html - 200 null text/html;charset=utf-8 14.9662ms
2025-06-27 13:34:31.738 +05:30 [INF] Request starting HTTP/2 GET https://localhost:7165/_vs/browserLink - null null
2025-06-27 13:34:31.741 +05:30 [INF] Request starting HTTP/2 GET https://localhost:7165/_framework/aspnetcore-browser-refresh.js - null null
2025-06-27 13:34:31.742 +05:30 [INF] Request finished HTTP/2 GET https://localhost:7165/_framework/aspnetcore-browser-refresh.js - 200 16499 application/javascript; charset=utf-8 1.0635ms
2025-06-27 13:34:31.747 +05:30 [INF] Request finished HTTP/2 GET https://localhost:7165/_vs/browserLink - 200 null text/javascript; charset=UTF-8 9.0682ms
2025-06-27 13:34:31.836 +05:30 [INF] Request starting HTTP/2 GET https://localhost:7165/swagger/v1/swagger.json - null null
2025-06-27 13:34:31.866 +05:30 [INF] Request finished HTTP/2 GET https://localhost:7165/swagger/v1/swagger.json - 200 null application/json;charset=utf-8 30.8371ms
2025-06-27 13:34:46.418 +05:30 [INF] User profile is available. Using 'C:\Users\RD\AppData\Local\ASP.NET\DataProtection-Keys' as key repository and Windows DPAPI to encrypt keys at rest.
2025-06-27 13:34:46.663 +05:30 [INF] Now listening on: https://localhost:7165
2025-06-27 13:34:46.663 +05:30 [INF] Now listening on: http://localhost:5008
2025-06-27 13:34:46.752 +05:30 [INF] Application started. Press Ctrl+C to shut down.
2025-06-27 13:34:46.752 +05:30 [INF] Hosting environment: Development
2025-06-27 13:34:46.752 +05:30 [INF] Content root path: C:\Users\RD\Source\Repos\AuthNet\AuthNet
2025-06-27 13:34:47.327 +05:30 [INF] Request starting HTTP/2 GET https://localhost:7165/swagger/index.html - null null
2025-06-27 13:34:47.546 +05:30 [INF] Request finished HTTP/2 GET https://localhost:7165/swagger/index.html - 200 null text/html;charset=utf-8 226.8911ms
2025-06-27 13:34:47.555 +05:30 [INF] Request starting HTTP/2 GET https://localhost:7165/_framework/aspnetcore-browser-refresh.js - null null
2025-06-27 13:34:47.556 +05:30 [INF] Request starting HTTP/2 GET https://localhost:7165/_vs/browserLink - null null
2025-06-27 13:34:47.565 +05:30 [INF] Request finished HTTP/2 GET https://localhost:7165/_framework/aspnetcore-browser-refresh.js - 200 16499 application/javascript; charset=utf-8 9.7066ms
2025-06-27 13:34:47.604 +05:30 [INF] Request finished HTTP/2 GET https://localhost:7165/_vs/browserLink - 200 null text/javascript; charset=UTF-8 48.3149ms
2025-06-27 13:34:47.669 +05:30 [INF] Request starting HTTP/2 GET https://localhost:7165/swagger/v1/swagger.json - null null
2025-06-27 13:34:47.705 +05:30 [INF] Request finished HTTP/2 GET https://localhost:7165/swagger/v1/swagger.json - 200 null application/json;charset=utf-8 36.3955ms
2025-06-27 13:38:00.123 +05:30 [INF] Request starting HTTP/2 GET https://localhost:7165/swagger/index.html - null null
2025-06-27 13:38:00.130 +05:30 [INF] Request finished HTTP/2 GET https://localhost:7165/swagger/index.html - 200 null text/html;charset=utf-8 7.6601ms
2025-06-27 13:38:00.146 +05:30 [INF] Request starting HTTP/2 GET https://localhost:7165/_framework/aspnetcore-browser-refresh.js - null null
2025-06-27 13:38:00.146 +05:30 [INF] Request starting HTTP/2 GET https://localhost:7165/_vs/browserLink - null null
2025-06-27 13:38:00.149 +05:30 [INF] Request finished HTTP/2 GET https://localhost:7165/_framework/aspnetcore-browser-refresh.js - 200 16499 application/javascript; charset=utf-8 3.0509ms
2025-06-27 13:38:00.165 +05:30 [INF] Request finished HTTP/2 GET https://localhost:7165/_vs/browserLink - 200 null text/javascript; charset=UTF-8 20.0163ms
2025-06-27 13:38:00.193 +05:30 [INF] Request starting HTTP/2 GET https://localhost:7165/swagger/v1/swagger.json - null null
2025-06-27 13:38:00.210 +05:30 [INF] Request finished HTTP/2 GET https://localhost:7165/swagger/v1/swagger.json - 200 null application/json;charset=utf-8 16.9759ms
2025-06-27 13:39:36.708 +05:30 [INF] Request starting HTTP/2 GET https://localhost:7165/swagger/index.html - null null
2025-06-27 13:39:36.714 +05:30 [INF] Request finished HTTP/2 GET https://localhost:7165/swagger/index.html - 200 null text/html;charset=utf-8 6.6949ms
2025-06-27 13:39:36.725 +05:30 [INF] Request starting HTTP/2 GET https://localhost:7165/_vs/browserLink - null null
2025-06-27 13:39:36.725 +05:30 [INF] Request starting HTTP/2 GET https://localhost:7165/_framework/aspnetcore-browser-refresh.js - null null
2025-06-27 13:39:36.726 +05:30 [INF] Request finished HTTP/2 GET https://localhost:7165/_framework/aspnetcore-browser-refresh.js - 200 16499 application/javascript; charset=utf-8 0.8032ms
2025-06-27 13:39:36.731 +05:30 [INF] Request finished HTTP/2 GET https://localhost:7165/_vs/browserLink - 200 null text/javascript; charset=UTF-8 6.2134ms
2025-06-27 13:39:36.773 +05:30 [INF] Request starting HTTP/2 GET https://localhost:7165/swagger/v1/swagger.json - null null
2025-06-27 13:39:36.786 +05:30 [INF] Request finished HTTP/2 GET https://localhost:7165/swagger/v1/swagger.json - 200 null application/json;charset=utf-8 12.9427ms
2025-06-27 13:43:02.008 +05:30 [INF] User profile is available. Using 'C:\Users\RD\AppData\Local\ASP.NET\DataProtection-Keys' as key repository and Windows DPAPI to encrypt keys at rest.
2025-06-27 13:43:02.234 +05:30 [INF] Now listening on: https://localhost:7165
2025-06-27 13:43:02.234 +05:30 [INF] Now listening on: http://localhost:5008
2025-06-27 13:43:02.326 +05:30 [INF] Application started. Press Ctrl+C to shut down.
2025-06-27 13:43:02.326 +05:30 [INF] Hosting environment: Development
2025-06-27 13:43:02.326 +05:30 [INF] Content root path: C:\Users\RD\Source\Repos\AuthNet\AuthNet
2025-06-27 13:43:03.054 +05:30 [INF] Request starting HTTP/2 GET https://localhost:7165/swagger/index.html - null null
2025-06-27 13:43:03.436 +05:30 [INF] Request finished HTTP/2 GET https://localhost:7165/swagger/index.html - 200 null text/html;charset=utf-8 391.3189ms
2025-06-27 13:43:03.456 +05:30 [INF] Request starting HTTP/2 GET https://localhost:7165/_framework/aspnetcore-browser-refresh.js - null null
2025-06-27 13:43:03.456 +05:30 [INF] Request starting HTTP/2 GET https://localhost:7165/_vs/browserLink - null null
2025-06-27 13:43:03.475 +05:30 [INF] Request finished HTTP/2 GET https://localhost:7165/_framework/aspnetcore-browser-refresh.js - 200 16499 application/javascript; charset=utf-8 19.9858ms
2025-06-27 13:43:03.526 +05:30 [INF] Request finished HTTP/2 GET https://localhost:7165/_vs/browserLink - 200 null text/javascript; charset=UTF-8 69.5278ms
2025-06-27 13:43:03.590 +05:30 [INF] Request starting HTTP/2 GET https://localhost:7165/swagger/v1/swagger.json - null null
2025-06-27 13:43:03.631 +05:30 [INF] Request finished HTTP/2 GET https://localhost:7165/swagger/v1/swagger.json - 200 null application/json;charset=utf-8 41.1442ms
2025-06-27 13:46:58.347 +05:30 [INF] User profile is available. Using 'C:\Users\RD\AppData\Local\ASP.NET\DataProtection-Keys' as key repository and Windows DPAPI to encrypt keys at rest.
2025-06-27 13:46:58.541 +05:30 [INF] Now listening on: https://localhost:7165
2025-06-27 13:46:58.542 +05:30 [INF] Now listening on: http://localhost:5008
2025-06-27 13:46:58.628 +05:30 [INF] Application started. Press Ctrl+C to shut down.
2025-06-27 13:46:58.628 +05:30 [INF] Hosting environment: Development
2025-06-27 13:46:58.628 +05:30 [INF] Content root path: C:\Users\RD\Source\Repos\AuthNet\AuthNet
2025-06-27 13:46:59.186 +05:30 [INF] Request starting HTTP/2 GET https://localhost:7165/swagger/index.html - null null
2025-06-27 13:46:59.372 +05:30 [INF] Request finished HTTP/2 GET https://localhost:7165/swagger/index.html - 200 null text/html;charset=utf-8 192.2759ms
2025-06-27 13:46:59.396 +05:30 [INF] Request starting HTTP/2 GET https://localhost:7165/_vs/browserLink - null null
2025-06-27 13:46:59.397 +05:30 [INF] Request starting HTTP/2 GET https://localhost:7165/_framework/aspnetcore-browser-refresh.js - null null
2025-06-27 13:46:59.408 +05:30 [INF] Request finished HTTP/2 GET https://localhost:7165/_framework/aspnetcore-browser-refresh.js - 200 16499 application/javascript; charset=utf-8 11.4347ms
2025-06-27 13:46:59.440 +05:30 [INF] Request finished HTTP/2 GET https://localhost:7165/_vs/browserLink - 200 null text/javascript; charset=UTF-8 44.0735ms
2025-06-27 13:46:59.481 +05:30 [INF] Request starting HTTP/2 GET https://localhost:7165/swagger/v1/swagger.json - null null
2025-06-27 13:46:59.509 +05:30 [INF] Request finished HTTP/2 GET https://localhost:7165/swagger/v1/swagger.json - 200 null application/json;charset=utf-8 28.6725ms
2025-06-27 14:03:07.979 +05:30 [INF] User profile is available. Using 'C:\Users\RD\AppData\Local\ASP.NET\DataProtection-Keys' as key repository and Windows DPAPI to encrypt keys at rest.
2025-06-27 14:03:08.204 +05:30 [INF] Now listening on: https://localhost:7165
2025-06-27 14:03:08.205 +05:30 [INF] Now listening on: http://localhost:5008
2025-06-27 14:03:08.285 +05:30 [INF] Application started. Press Ctrl+C to shut down.
2025-06-27 14:03:08.285 +05:30 [INF] Hosting environment: Development
2025-06-27 14:03:08.286 +05:30 [INF] Content root path: C:\Users\RD\Source\Repos\AuthNet\AuthNet
2025-06-27 14:03:08.700 +05:30 [INF] Request starting HTTP/2 GET https://localhost:7165/swagger/index.html - null null
2025-06-27 14:03:08.884 +05:30 [INF] Request finished HTTP/2 GET https://localhost:7165/swagger/index.html - 200 null text/html;charset=utf-8 193.219ms
2025-06-27 14:03:08.895 +05:30 [INF] Request starting HTTP/2 GET https://localhost:7165/_framework/aspnetcore-browser-refresh.js - null null
2025-06-27 14:03:08.897 +05:30 [INF] Request starting HTTP/2 GET https://localhost:7165/_vs/browserLink - null null
2025-06-27 14:03:08.901 +05:30 [INF] Request finished HTTP/2 GET https://localhost:7165/_framework/aspnetcore-browser-refresh.js - 200 16499 application/javascript; charset=utf-8 6.849ms
2025-06-27 14:03:08.930 +05:30 [INF] Request finished HTTP/2 GET https://localhost:7165/_vs/browserLink - 200 null text/javascript; charset=UTF-8 33.1909ms
2025-06-27 14:03:09.054 +05:30 [INF] Request starting HTTP/2 GET https://localhost:7165/swagger/v1/swagger.json - null null
2025-06-27 14:03:09.069 +05:30 [INF] Request finished HTTP/2 GET https://localhost:7165/swagger/v1/swagger.json - 200 null application/json;charset=utf-8 15.0623ms
2025-06-27 14:10:03.152 +05:30 [INF] User profile is available. Using 'C:\Users\RD\AppData\Local\ASP.NET\DataProtection-Keys' as key repository and Windows DPAPI to encrypt keys at rest.
2025-06-27 14:10:03.435 +05:30 [INF] Now listening on: https://localhost:7165
2025-06-27 14:10:03.436 +05:30 [INF] Now listening on: http://localhost:5008
2025-06-27 14:10:03.525 +05:30 [INF] Application started. Press Ctrl+C to shut down.
2025-06-27 14:10:03.525 +05:30 [INF] Hosting environment: Development
2025-06-27 14:10:03.525 +05:30 [INF] Content root path: C:\Users\RD\Source\Repos\AuthNet\AuthNet
2025-06-27 14:10:04.005 +05:30 [INF] Request starting HTTP/2 GET https://localhost:7165/swagger/index.html - null null
2025-06-27 14:10:04.169 +05:30 [INF] Request finished HTTP/2 GET https://localhost:7165/swagger/index.html - 200 null text/html;charset=utf-8 170.892ms
2025-06-27 14:10:04.174 +05:30 [INF] Request starting HTTP/2 GET https://localhost:7165/_vs/browserLink - null null
2025-06-27 14:10:04.174 +05:30 [INF] Request starting HTTP/2 GET https://localhost:7165/_framework/aspnetcore-browser-refresh.js - null null
2025-06-27 14:10:04.181 +05:30 [INF] Request finished HTTP/2 GET https://localhost:7165/_framework/aspnetcore-browser-refresh.js - 200 16499 application/javascript; charset=utf-8 7.1568ms
2025-06-27 14:10:04.211 +05:30 [INF] Request finished HTTP/2 GET https://localhost:7165/_vs/browserLink - 200 null text/javascript; charset=UTF-8 37.4409ms
2025-06-27 14:10:04.334 +05:30 [INF] Request starting HTTP/2 GET https://localhost:7165/swagger/v1/swagger.json - null null
2025-06-27 14:10:04.374 +05:30 [INF] Request finished HTTP/2 GET https://localhost:7165/swagger/v1/swagger.json - 200 null application/json;charset=utf-8 40.718ms
2025-06-27 14:21:50.586 +05:30 [INF] User profile is available. Using 'C:\Users\RD\AppData\Local\ASP.NET\DataProtection-Keys' as key repository and Windows DPAPI to encrypt keys at rest.
2025-06-27 14:21:50.816 +05:30 [INF] Now listening on: https://localhost:7165
2025-06-27 14:21:50.816 +05:30 [INF] Now listening on: http://localhost:5008
2025-06-27 14:21:50.900 +05:30 [INF] Application started. Press Ctrl+C to shut down.
2025-06-27 14:21:50.900 +05:30 [INF] Hosting environment: Development
2025-06-27 14:21:50.900 +05:30 [INF] Content root path: C:\Users\RD\Source\Repos\AuthNet\AuthNet
2025-06-27 14:21:52.034 +05:30 [INF] Request starting HTTP/2 GET https://localhost:7165/swagger/index.html - null null
2025-06-27 14:21:52.193 +05:30 [INF] Request finished HTTP/2 GET https://localhost:7165/swagger/index.html - 200 null text/html;charset=utf-8 165.5594ms
2025-06-27 14:21:52.203 +05:30 [INF] Request starting HTTP/2 GET https://localhost:7165/_framework/aspnetcore-browser-refresh.js - null null
2025-06-27 14:21:52.203 +05:30 [INF] Request starting HTTP/2 GET https://localhost:7165/_vs/browserLink - null null
2025-06-27 14:21:52.208 +05:30 [INF] Request finished HTTP/2 GET https://localhost:7165/_framework/aspnetcore-browser-refresh.js - 200 16499 application/javascript; charset=utf-8 4.9971ms
2025-06-27 14:21:52.240 +05:30 [INF] Request finished HTTP/2 GET https://localhost:7165/_vs/browserLink - 200 null text/javascript; charset=UTF-8 36.8352ms
2025-06-27 14:21:52.279 +05:30 [INF] Request starting HTTP/2 GET https://localhost:7165/swagger/v1/swagger.json - null null
2025-06-27 14:21:52.302 +05:30 [INF] Request finished HTTP/2 GET https://localhost:7165/swagger/v1/swagger.json - 200 null application/json;charset=utf-8 24.0351ms
2025-06-27 14:25:57.883 +05:30 [INF] User profile is available. Using 'C:\Users\RD\AppData\Local\ASP.NET\DataProtection-Keys' as key repository and Windows DPAPI to encrypt keys at rest.
2025-06-27 14:25:58.191 +05:30 [INF] Now listening on: https://localhost:7165
2025-06-27 14:25:58.191 +05:30 [INF] Now listening on: http://localhost:5008
2025-06-27 14:25:58.333 +05:30 [INF] Application started. Press Ctrl+C to shut down.
2025-06-27 14:25:58.333 +05:30 [INF] Hosting environment: Development
2025-06-27 14:25:58.333 +05:30 [INF] Content root path: C:\Users\RD\Source\Repos\AuthNet\AuthNet
2025-06-27 14:25:59.501 +05:30 [INF] Request starting HTTP/2 GET https://localhost:7165/swagger/index.html - null null
2025-06-27 14:25:59.913 +05:30 [INF] Request finished HTTP/2 GET https://localhost:7165/swagger/index.html - 200 null text/html;charset=utf-8 426.0959ms
2025-06-27 14:25:59.928 +05:30 [INF] Request starting HTTP/2 GET https://localhost:7165/_framework/aspnetcore-browser-refresh.js - null null
2025-06-27 14:25:59.934 +05:30 [INF] Request starting HTTP/2 GET https://localhost:7165/_vs/browserLink - null null
2025-06-27 14:25:59.943 +05:30 [INF] Request finished HTTP/2 GET https://localhost:7165/_framework/aspnetcore-browser-refresh.js - 200 16499 application/javascript; charset=utf-8 15.2826ms
2025-06-27 14:26:00.196 +05:30 [INF] Request finished HTTP/2 GET https://localhost:7165/_vs/browserLink - 200 null text/javascript; charset=UTF-8 262.1567ms
2025-06-27 14:26:00.260 +05:30 [INF] Request starting HTTP/2 GET https://localhost:7165/swagger/v1/swagger.json - null null
2025-06-27 14:26:00.328 +05:30 [INF] Request finished HTTP/2 GET https://localhost:7165/swagger/v1/swagger.json - 200 null application/json;charset=utf-8 68.124ms
2025-06-27 14:32:35.008 +05:30 [INF] User profile is available. Using 'C:\Users\RD\AppData\Local\ASP.NET\DataProtection-Keys' as key repository and Windows DPAPI to encrypt keys at rest.
2025-06-27 14:32:35.253 +05:30 [INF] Now listening on: https://localhost:7165
2025-06-27 14:32:35.254 +05:30 [INF] Now listening on: http://localhost:5008
2025-06-27 14:32:35.365 +05:30 [INF] Application started. Press Ctrl+C to shut down.
2025-06-27 14:32:35.365 +05:30 [INF] Hosting environment: Development
2025-06-27 14:32:35.365 +05:30 [INF] Content root path: C:\Users\RD\Source\Repos\AuthNet\AuthNet
2025-06-27 14:32:36.016 +05:30 [INF] Request starting HTTP/2 GET https://localhost:7165/swagger/index.html - null null
2025-06-27 14:32:36.178 +05:30 [INF] Request finished HTTP/2 GET https://localhost:7165/swagger/index.html - 200 null text/html;charset=utf-8 168.6826ms
2025-06-27 14:32:36.189 +05:30 [INF] Request starting HTTP/2 GET https://localhost:7165/_framework/aspnetcore-browser-refresh.js - null null
2025-06-27 14:32:36.190 +05:30 [INF] Request starting HTTP/2 GET https://localhost:7165/_vs/browserLink - null null
2025-06-27 14:32:36.194 +05:30 [INF] Request finished HTTP/2 GET https://localhost:7165/_framework/aspnetcore-browser-refresh.js - 200 16499 application/javascript; charset=utf-8 4.5234ms
2025-06-27 14:32:36.220 +05:30 [INF] Request finished HTTP/2 GET https://localhost:7165/_vs/browserLink - 200 null text/javascript; charset=UTF-8 29.9423ms
2025-06-27 14:32:36.288 +05:30 [INF] Request starting HTTP/2 GET https://localhost:7165/swagger/v1/swagger.json - null null
2025-06-27 14:32:36.308 +05:30 [INF] Request finished HTTP/2 GET https://localhost:7165/swagger/v1/swagger.json - 200 null application/json;charset=utf-8 20.62ms
2025-06-27 14:35:44.651 +05:30 [INF] User profile is available. Using 'C:\Users\RD\AppData\Local\ASP.NET\DataProtection-Keys' as key repository and Windows DPAPI to encrypt keys at rest.
2025-06-27 14:35:44.924 +05:30 [INF] Now listening on: https://localhost:7165
2025-06-27 14:35:44.924 +05:30 [INF] Now listening on: http://localhost:5008
2025-06-27 14:35:45.008 +05:30 [INF] Application started. Press Ctrl+C to shut down.
2025-06-27 14:35:45.009 +05:30 [INF] Hosting environment: Development
2025-06-27 14:35:45.009 +05:30 [INF] Content root path: C:\Users\RD\Source\Repos\AuthNet\AuthNet
2025-06-27 14:35:45.293 +05:30 [INF] Request starting HTTP/2 GET https://localhost:7165/swagger/index.html - null null
2025-06-27 14:35:45.443 +05:30 [INF] Request finished HTTP/2 GET https://localhost:7165/swagger/index.html - 200 null text/html;charset=utf-8 153.9161ms
2025-06-27 14:35:45.451 +05:30 [INF] Request starting HTTP/2 GET https://localhost:7165/_framework/aspnetcore-browser-refresh.js - null null
2025-06-27 14:35:45.452 +05:30 [INF] Request starting HTTP/2 GET https://localhost:7165/_vs/browserLink - null null
2025-06-27 14:35:45.457 +05:30 [INF] Request finished HTTP/2 GET https://localhost:7165/_framework/aspnetcore-browser-refresh.js - 200 16499 application/javascript; charset=utf-8 5.9119ms
2025-06-27 14:35:45.487 +05:30 [INF] Request finished HTTP/2 GET https://localhost:7165/_vs/browserLink - 200 null text/javascript; charset=UTF-8 35.3417ms
2025-06-27 14:35:45.538 +05:30 [INF] Request starting HTTP/2 GET https://localhost:7165/swagger/v1/swagger.json - null null
2025-06-27 14:35:45.558 +05:30 [INF] Request finished HTTP/2 GET https://localhost:7165/swagger/v1/swagger.json - 200 null application/json;charset=utf-8 20.5802ms
2025-06-27 14:36:19.177 +05:30 [WRN] No store type was specified for the decimal property 'TotalAmount' on entity type 'Order'. This will cause values to be silently truncated if they do not fit in the default precision and scale. Explicitly specify the SQL server column type that can accommodate all the values in 'OnModelCreating' using 'HasColumnType', specify precision and scale using 'HasPrecision', or configure a value converter using 'HasConversion'.
2025-06-27 14:36:19.197 +05:30 [WRN] No store type was specified for the decimal property 'UnitPrice' on entity type 'OrderItem'. This will cause values to be silently truncated if they do not fit in the default precision and scale. Explicitly specify the SQL server column type that can accommodate all the values in 'OnModelCreating' using 'HasColumnType', specify precision and scale using 'HasPrecision', or configure a value converter using 'HasConversion'.
2025-06-27 14:36:19.197 +05:30 [WRN] No store type was specified for the decimal property 'Price' on entity type 'Product'. This will cause values to be silently truncated if they do not fit in the default precision and scale. Explicitly specify the SQL server column type that can accommodate all the values in 'OnModelCreating' using 'HasColumnType', specify precision and scale using 'HasPrecision', or configure a value converter using 'HasConversion'.
2025-06-27 14:36:19.198 +05:30 [WRN] No store type was specified for the decimal property 'TotalAmount' on entity type 'PurchaseOrder'. This will cause values to be silently truncated if they do not fit in the default precision and scale. Explicitly specify the SQL server column type that can accommodate all the values in 'OnModelCreating' using 'HasColumnType', specify precision and scale using 'HasPrecision', or configure a value converter using 'HasConversion'.
2025-06-27 14:36:19.198 +05:30 [WRN] No store type was specified for the decimal property 'CGST' on entity type 'TaxSetting'. This will cause values to be silently truncated if they do not fit in the default precision and scale. Explicitly specify the SQL server column type that can accommodate all the values in 'OnModelCreating' using 'HasColumnType', specify precision and scale using 'HasPrecision', or configure a value converter using 'HasConversion'.
2025-06-27 14:36:19.198 +05:30 [WRN] No store type was specified for the decimal property 'IGST' on entity type 'TaxSetting'. This will cause values to be silently truncated if they do not fit in the default precision and scale. Explicitly specify the SQL server column type that can accommodate all the values in 'OnModelCreating' using 'HasColumnType', specify precision and scale using 'HasPrecision', or configure a value converter using 'HasConversion'.
2025-06-27 14:36:19.198 +05:30 [WRN] No store type was specified for the decimal property 'SGST' on entity type 'TaxSetting'. This will cause values to be silently truncated if they do not fit in the default precision and scale. Explicitly specify the SQL server column type that can accommodate all the values in 'OnModelCreating' using 'HasColumnType', specify precision and scale using 'HasPrecision', or configure a value converter using 'HasConversion'.
2025-06-27 14:36:27.824 +05:30 [INF] User profile is available. Using 'C:\Users\RD\AppData\Local\ASP.NET\DataProtection-Keys' as key repository and Windows DPAPI to encrypt keys at rest.
2025-06-27 14:36:28.028 +05:30 [INF] Now listening on: https://localhost:7165
2025-06-27 14:36:28.028 +05:30 [INF] Now listening on: http://localhost:5008
2025-06-27 14:36:28.100 +05:30 [INF] Application started. Press Ctrl+C to shut down.
2025-06-27 14:36:28.100 +05:30 [INF] Hosting environment: Development
2025-06-27 14:36:28.100 +05:30 [INF] Content root path: C:\Users\RD\Source\Repos\AuthNet\AuthNet
2025-06-27 14:36:28.703 +05:30 [INF] Request starting HTTP/2 GET https://localhost:7165/swagger/index.html - null null
2025-06-27 14:36:28.858 +05:30 [INF] Request finished HTTP/2 GET https://localhost:7165/swagger/index.html - 200 null text/html;charset=utf-8 160.9958ms
2025-06-27 14:36:28.863 +05:30 [INF] Request starting HTTP/2 GET https://localhost:7165/_framework/aspnetcore-browser-refresh.js - null null
2025-06-27 14:36:28.864 +05:30 [INF] Request starting HTTP/2 GET https://localhost:7165/_vs/browserLink - null null
2025-06-27 14:36:28.868 +05:30 [INF] Request finished HTTP/2 GET https://localhost:7165/_framework/aspnetcore-browser-refresh.js - 200 16499 application/javascript; charset=utf-8 5.6948ms
2025-06-27 14:36:28.902 +05:30 [INF] Request finished HTTP/2 GET https://localhost:7165/_vs/browserLink - 200 null text/javascript; charset=UTF-8 38.4249ms
2025-06-27 14:36:29.114 +05:30 [INF] Request starting HTTP/2 GET https://localhost:7165/swagger/v1/swagger.json - null null
2025-06-27 14:36:29.136 +05:30 [INF] Request finished HTTP/2 GET https://localhost:7165/swagger/v1/swagger.json - 200 null application/json;charset=utf-8 22.2198ms
