2025-06-25 10:45:58.094 +05:30 [INF] User profile is available. Using 'C:\Users\RD\AppData\Local\ASP.NET\DataProtection-Keys' as key repository and Windows DPAPI to encrypt keys at rest.
2025-06-25 10:45:58.422 +05:30 [INF] Now listening on: https://localhost:7165
2025-06-25 10:45:58.422 +05:30 [INF] Now listening on: http://localhost:5008
2025-06-25 10:45:58.551 +05:30 [INF] Application started. Press Ctrl+C to shut down.
2025-06-25 10:45:58.551 +05:30 [INF] Hosting environment: Development
2025-06-25 10:45:58.552 +05:30 [INF] Content root path: C:\Users\RD\Source\Repos\AuthNet\AuthNet
2025-06-25 10:46:00.460 +05:30 [INF] Request starting HTTP/1.1 GET http://localhost:5008/api/Products/count - null null
2025-06-25 10:46:00.541 +05:30 [INF] Request finished HTTP/1.1 GET http://localhost:5008/api/Products/count - 307 0 null 93.1558ms
2025-06-25 10:46:00.594 +05:30 [INF] Request starting HTTP/1.1 GET https://localhost:7165/api/Products/count - null null
2025-06-25 10:46:00.691 +05:30 [INF] Executing endpoint 'AuthNet.Controllers.ProductsController.GetProductCount (AuthNet)'
2025-06-25 10:46:00.740 +05:30 [INF] Route matched with {action = "GetProductCount", controller = "Products"}. Executing controller action with signature System.Threading.Tasks.Task`1[Microsoft.AspNetCore.Mvc.IActionResult] GetProductCount() on controller AuthNet.Controllers.ProductsController (AuthNet).
2025-06-25 10:46:01.818 +05:30 [WRN] No store type was specified for the decimal property 'TotalAmount' on entity type 'Order'. This will cause values to be silently truncated if they do not fit in the default precision and scale. Explicitly specify the SQL server column type that can accommodate all the values in 'OnModelCreating' using 'HasColumnType', specify precision and scale using 'HasPrecision', or configure a value converter using 'HasConversion'.
2025-06-25 10:46:01.818 +05:30 [WRN] No store type was specified for the decimal property 'UnitPrice' on entity type 'OrderItem'. This will cause values to be silently truncated if they do not fit in the default precision and scale. Explicitly specify the SQL server column type that can accommodate all the values in 'OnModelCreating' using 'HasColumnType', specify precision and scale using 'HasPrecision', or configure a value converter using 'HasConversion'.
2025-06-25 10:46:01.818 +05:30 [WRN] No store type was specified for the decimal property 'Price' on entity type 'Product'. This will cause values to be silently truncated if they do not fit in the default precision and scale. Explicitly specify the SQL server column type that can accommodate all the values in 'OnModelCreating' using 'HasColumnType', specify precision and scale using 'HasPrecision', or configure a value converter using 'HasConversion'.
2025-06-25 10:46:01.818 +05:30 [WRN] No store type was specified for the decimal property 'TotalAmount' on entity type 'PurchaseOrder'. This will cause values to be silently truncated if they do not fit in the default precision and scale. Explicitly specify the SQL server column type that can accommodate all the values in 'OnModelCreating' using 'HasColumnType', specify precision and scale using 'HasPrecision', or configure a value converter using 'HasConversion'.
2025-06-25 10:46:02.797 +05:30 [INF] Executed DbCommand (63ms) [Parameters=[], CommandType='"Text"', CommandTimeout='30']
SELECT COUNT(*)
FROM [Products] AS [p]
2025-06-25 10:46:02.834 +05:30 [INF] Executing OkObjectResult, writing value of type 'System.Int32'.
2025-06-25 10:46:02.854 +05:30 [INF] Executed action AuthNet.Controllers.ProductsController.GetProductCount (AuthNet) in 2109.3851ms
2025-06-25 10:46:02.855 +05:30 [INF] Executed endpoint 'AuthNet.Controllers.ProductsController.GetProductCount (AuthNet)'
2025-06-25 10:46:02.868 +05:30 [INF] Request finished HTTP/1.1 GET https://localhost:7165/api/Products/count - 200 null application/json; charset=utf-8 2273.3735ms
2025-06-25 10:46:02.876 +05:30 [INF] Request starting HTTP/1.1 GET http://localhost:5008/api/Categories/count - null null
2025-06-25 10:46:02.878 +05:30 [INF] Request finished HTTP/1.1 GET http://localhost:5008/api/Categories/count - 307 0 null 1.7099ms
2025-06-25 10:46:02.880 +05:30 [INF] Request starting HTTP/1.1 GET https://localhost:7165/api/Categories/count - null null
2025-06-25 10:46:02.882 +05:30 [INF] Executing endpoint 'AuthNet.Controllers.CategoriesController.GetCategoryCount (AuthNet)'
2025-06-25 10:46:02.886 +05:30 [INF] Route matched with {action = "GetCategoryCount", controller = "Categories"}. Executing controller action with signature System.Threading.Tasks.Task`1[Microsoft.AspNetCore.Mvc.IActionResult] GetCategoryCount() on controller AuthNet.Controllers.CategoriesController (AuthNet).
2025-06-25 10:46:02.931 +05:30 [INF] Executed DbCommand (19ms) [Parameters=[], CommandType='"Text"', CommandTimeout='30']
SELECT COUNT(*)
FROM [Categories] AS [c]
2025-06-25 10:46:02.932 +05:30 [INF] Executing OkObjectResult, writing value of type 'System.Int32'.
2025-06-25 10:46:02.933 +05:30 [INF] Executed action AuthNet.Controllers.CategoriesController.GetCategoryCount (AuthNet) in 46.8804ms
2025-06-25 10:46:02.933 +05:30 [INF] Executed endpoint 'AuthNet.Controllers.CategoriesController.GetCategoryCount (AuthNet)'
2025-06-25 10:46:02.934 +05:30 [INF] Request finished HTTP/1.1 GET https://localhost:7165/api/Categories/count - 200 null application/json; charset=utf-8 53.4977ms
2025-06-25 10:46:02.957 +05:30 [INF] Request starting HTTP/1.1 GET http://localhost:5008/api/Suppliers/count - null null
2025-06-25 10:46:02.958 +05:30 [INF] Request finished HTTP/1.1 GET http://localhost:5008/api/Suppliers/count - 307 0 null 0.568ms
2025-06-25 10:46:02.960 +05:30 [INF] Request starting HTTP/1.1 GET https://localhost:7165/api/Suppliers/count - null null
2025-06-25 10:46:02.963 +05:30 [INF] Executing endpoint 'AuthNet.Controllers.SuppliersController.GetSupplierCount (AuthNet)'
2025-06-25 10:46:02.967 +05:30 [INF] Route matched with {action = "GetSupplierCount", controller = "Suppliers"}. Executing controller action with signature System.Threading.Tasks.Task`1[Microsoft.AspNetCore.Mvc.IActionResult] GetSupplierCount() on controller AuthNet.Controllers.SuppliersController (AuthNet).
2025-06-25 10:46:03.053 +05:30 [INF] Executed DbCommand (9ms) [Parameters=[], CommandType='"Text"', CommandTimeout='30']
SELECT COUNT(*)
FROM [Suppliers] AS [s]
2025-06-25 10:46:03.054 +05:30 [INF] Executing OkObjectResult, writing value of type 'System.Int32'.
2025-06-25 10:46:03.054 +05:30 [INF] Executed action AuthNet.Controllers.SuppliersController.GetSupplierCount (AuthNet) in 87.0667ms
2025-06-25 10:46:03.054 +05:30 [INF] Executed endpoint 'AuthNet.Controllers.SuppliersController.GetSupplierCount (AuthNet)'
2025-06-25 10:46:03.054 +05:30 [INF] Request finished HTTP/1.1 GET https://localhost:7165/api/Suppliers/count - 200 null application/json; charset=utf-8 94.7606ms
2025-06-25 10:46:03.063 +05:30 [INF] Request starting HTTP/1.1 GET http://localhost:5008/api/Tasks/count - null null
2025-06-25 10:46:03.063 +05:30 [INF] Request finished HTTP/1.1 GET http://localhost:5008/api/Tasks/count - 307 0 null 0.5044ms
2025-06-25 10:46:03.064 +05:30 [INF] Request starting HTTP/1.1 GET https://localhost:7165/api/Tasks/count - null null
2025-06-25 10:46:03.064 +05:30 [INF] Executing endpoint 'AuthNet.Controllers.TasksController.GetTaskCount (AuthNet)'
2025-06-25 10:46:03.069 +05:30 [INF] Route matched with {action = "GetTaskCount", controller = "Tasks"}. Executing controller action with signature System.Threading.Tasks.Task`1[Microsoft.AspNetCore.Mvc.IActionResult] GetTaskCount() on controller AuthNet.Controllers.TasksController (AuthNet).
2025-06-25 10:46:03.079 +05:30 [INF] Executed DbCommand (3ms) [Parameters=[], CommandType='"Text"', CommandTimeout='30']
SELECT COUNT(*)
FROM [Tasks] AS [t]
2025-06-25 10:46:03.080 +05:30 [INF] Executing OkObjectResult, writing value of type 'System.Int32'.
2025-06-25 10:46:03.080 +05:30 [INF] Executed action AuthNet.Controllers.TasksController.GetTaskCount (AuthNet) in 10.7997ms
2025-06-25 10:46:03.080 +05:30 [INF] Executed endpoint 'AuthNet.Controllers.TasksController.GetTaskCount (AuthNet)'
2025-06-25 10:46:03.080 +05:30 [INF] Request finished HTTP/1.1 GET https://localhost:7165/api/Tasks/count - 200 null application/json; charset=utf-8 16.3507ms
2025-06-25 10:46:03.088 +05:30 [INF] Request starting HTTP/1.1 GET http://localhost:5008/api/Orders/count - null null
2025-06-25 10:46:03.088 +05:30 [INF] Request finished HTTP/1.1 GET http://localhost:5008/api/Orders/count - 307 0 null 0.4669ms
2025-06-25 10:46:03.089 +05:30 [INF] Request starting HTTP/1.1 GET https://localhost:7165/api/Orders/count - null null
2025-06-25 10:46:03.090 +05:30 [INF] Executing endpoint 'AuthNet.Controllers.OrdersController.GetOrderCount (AuthNet)'
2025-06-25 10:46:03.094 +05:30 [INF] Route matched with {action = "GetOrderCount", controller = "Orders"}. Executing controller action with signature System.Threading.Tasks.Task`1[Microsoft.AspNetCore.Mvc.IActionResult] GetOrderCount() on controller AuthNet.Controllers.OrdersController (AuthNet).
2025-06-25 10:46:03.102 +05:30 [INF] Executed DbCommand (3ms) [Parameters=[], CommandType='"Text"', CommandTimeout='30']
SELECT COUNT(*)
FROM [Orders] AS [o]
2025-06-25 10:46:03.102 +05:30 [INF] Executing OkObjectResult, writing value of type 'System.Int32'.
2025-06-25 10:46:03.103 +05:30 [INF] Executed action AuthNet.Controllers.OrdersController.GetOrderCount (AuthNet) in 8.3966ms
2025-06-25 10:46:03.103 +05:30 [INF] Executed endpoint 'AuthNet.Controllers.OrdersController.GetOrderCount (AuthNet)'
2025-06-25 10:46:03.103 +05:30 [INF] Request finished HTTP/1.1 GET https://localhost:7165/api/Orders/count - 200 null application/json; charset=utf-8 13.6999ms
2025-06-25 10:46:03.113 +05:30 [INF] Request starting HTTP/1.1 GET http://localhost:5008/api/Tasks - null null
2025-06-25 10:46:03.113 +05:30 [INF] Request finished HTTP/1.1 GET http://localhost:5008/api/Tasks - 307 0 null 0.6539ms
2025-06-25 10:46:03.115 +05:30 [INF] Request starting HTTP/1.1 GET https://localhost:7165/api/Tasks - null null
2025-06-25 10:46:03.115 +05:30 [INF] Executing endpoint 'AuthNet.Controllers.TasksController.GetTasks (AuthNet)'
2025-06-25 10:46:03.116 +05:30 [INF] Route matched with {action = "GetTasks", controller = "Tasks"}. Executing controller action with signature Microsoft.AspNetCore.Mvc.IActionResult GetTasks() on controller AuthNet.Controllers.TasksController (AuthNet).
2025-06-25 10:46:03.154 +05:30 [INF] Executed DbCommand (6ms) [Parameters=[], CommandType='"Text"', CommandTimeout='30']
SELECT [t].[Id], [t].[Title], [t].[DueDate]
FROM [Tasks] AS [t]
2025-06-25 10:46:03.162 +05:30 [INF] Executing OkObjectResult, writing value of type 'System.Collections.Generic.List`1[[AuthNet.Models.DTO.TaskItemDto, AuthNet, Version=1.0.0.0, Culture=neutral, PublicKeyToken=null]]'.
2025-06-25 10:46:03.172 +05:30 [INF] Executed action AuthNet.Controllers.TasksController.GetTasks (AuthNet) in 55.1347ms
2025-06-25 10:46:03.172 +05:30 [INF] Executed endpoint 'AuthNet.Controllers.TasksController.GetTasks (AuthNet)'
2025-06-25 10:46:03.172 +05:30 [INF] Request finished HTTP/1.1 GET https://localhost:7165/api/Tasks - 200 null application/json; charset=utf-8 57.5619ms
2025-06-25 10:46:05.352 +05:30 [INF] Request starting HTTP/2 GET https://localhost:7165/swagger - null null
2025-06-25 10:46:05.480 +05:30 [INF] Request finished HTTP/2 GET https://localhost:7165/swagger - 301 0 null 130.2026ms
2025-06-25 10:46:05.489 +05:30 [INF] Request starting HTTP/2 GET https://localhost:7165/swagger/index.html - null null
2025-06-25 10:46:05.646 +05:30 [INF] Request starting HTTP/2 GET https://localhost:7165/swagger/swagger-ui.css - null null
2025-06-25 10:46:05.647 +05:30 [INF] Request starting HTTP/2 GET https://localhost:7165/swagger/swagger-ui-bundle.js - null null
2025-06-25 10:46:05.647 +05:30 [INF] Request starting HTTP/2 GET https://localhost:7165/swagger/swagger-ui-standalone-preset.js - null null
2025-06-25 10:46:05.655 +05:30 [INF] Request finished HTTP/2 GET https://localhost:7165/swagger/index.html - 200 null text/html;charset=utf-8 166.0097ms
2025-06-25 10:46:05.665 +05:30 [INF] Request starting HTTP/2 GET https://localhost:7165/_framework/aspnetcore-browser-refresh.js - null null
2025-06-25 10:46:05.667 +05:30 [INF] Request starting HTTP/2 GET https://localhost:7165/_vs/browserLink - null null
2025-06-25 10:46:05.689 +05:30 [INF] Request finished HTTP/2 GET https://localhost:7165/_framework/aspnetcore-browser-refresh.js - 200 16499 application/javascript; charset=utf-8 25.019ms
2025-06-25 10:46:05.692 +05:30 [INF] Sending file. Request path: '/swagger-ui.css'. Physical path: 'N/A'
2025-06-25 10:46:05.692 +05:30 [INF] Sending file. Request path: '/swagger-ui-standalone-preset.js'. Physical path: 'N/A'
2025-06-25 10:46:05.692 +05:30 [INF] Request finished HTTP/2 GET https://localhost:7165/swagger/swagger-ui.css - 200 152034 text/css 45.5969ms
2025-06-25 10:46:05.692 +05:30 [INF] Request finished HTTP/2 GET https://localhost:7165/swagger/swagger-ui-standalone-preset.js - 200 230280 text/javascript 45.2011ms
2025-06-25 10:46:05.712 +05:30 [INF] Sending file. Request path: '/swagger-ui-bundle.js'. Physical path: 'N/A'
2025-06-25 10:46:05.712 +05:30 [INF] Request finished HTTP/2 GET https://localhost:7165/swagger/swagger-ui-bundle.js - 200 1456926 text/javascript 65.4613ms
2025-06-25 10:46:05.741 +05:30 [INF] Request finished HTTP/2 GET https://localhost:7165/_vs/browserLink - 200 null text/javascript; charset=UTF-8 75.9964ms
2025-06-25 10:46:05.906 +05:30 [INF] Request starting HTTP/2 GET https://localhost:7165/swagger/v1/swagger.json - null null
2025-06-25 10:46:05.931 +05:30 [INF] Request starting HTTP/2 GET https://localhost:7165/swagger/favicon-32x32.png - null null
2025-06-25 10:46:05.932 +05:30 [INF] Sending file. Request path: '/favicon-32x32.png'. Physical path: 'N/A'
2025-06-25 10:46:05.932 +05:30 [INF] Request finished HTTP/2 GET https://localhost:7165/swagger/favicon-32x32.png - 200 628 image/png 1.147ms
2025-06-25 10:46:05.947 +05:30 [INF] Request finished HTTP/2 GET https://localhost:7165/swagger/v1/swagger.json - 200 null application/json;charset=utf-8 41.1517ms
2025-06-25 10:53:13.028 +05:30 [WRN] No store type was specified for the decimal property 'TotalAmount' on entity type 'Order'. This will cause values to be silently truncated if they do not fit in the default precision and scale. Explicitly specify the SQL server column type that can accommodate all the values in 'OnModelCreating' using 'HasColumnType', specify precision and scale using 'HasPrecision', or configure a value converter using 'HasConversion'.
2025-06-25 10:53:13.063 +05:30 [WRN] No store type was specified for the decimal property 'UnitPrice' on entity type 'OrderItem'. This will cause values to be silently truncated if they do not fit in the default precision and scale. Explicitly specify the SQL server column type that can accommodate all the values in 'OnModelCreating' using 'HasColumnType', specify precision and scale using 'HasPrecision', or configure a value converter using 'HasConversion'.
2025-06-25 10:53:13.064 +05:30 [WRN] No store type was specified for the decimal property 'Price' on entity type 'Product'. This will cause values to be silently truncated if they do not fit in the default precision and scale. Explicitly specify the SQL server column type that can accommodate all the values in 'OnModelCreating' using 'HasColumnType', specify precision and scale using 'HasPrecision', or configure a value converter using 'HasConversion'.
2025-06-25 10:53:13.064 +05:30 [WRN] No store type was specified for the decimal property 'TotalAmount' on entity type 'PurchaseOrder'. This will cause values to be silently truncated if they do not fit in the default precision and scale. Explicitly specify the SQL server column type that can accommodate all the values in 'OnModelCreating' using 'HasColumnType', specify precision and scale using 'HasPrecision', or configure a value converter using 'HasConversion'.
2025-06-25 10:57:11.909 +05:30 [WRN] No store type was specified for the decimal property 'TotalAmount' on entity type 'Order'. This will cause values to be silently truncated if they do not fit in the default precision and scale. Explicitly specify the SQL server column type that can accommodate all the values in 'OnModelCreating' using 'HasColumnType', specify precision and scale using 'HasPrecision', or configure a value converter using 'HasConversion'.
2025-06-25 10:57:11.940 +05:30 [WRN] No store type was specified for the decimal property 'UnitPrice' on entity type 'OrderItem'. This will cause values to be silently truncated if they do not fit in the default precision and scale. Explicitly specify the SQL server column type that can accommodate all the values in 'OnModelCreating' using 'HasColumnType', specify precision and scale using 'HasPrecision', or configure a value converter using 'HasConversion'.
2025-06-25 10:57:11.940 +05:30 [WRN] No store type was specified for the decimal property 'Price' on entity type 'Product'. This will cause values to be silently truncated if they do not fit in the default precision and scale. Explicitly specify the SQL server column type that can accommodate all the values in 'OnModelCreating' using 'HasColumnType', specify precision and scale using 'HasPrecision', or configure a value converter using 'HasConversion'.
2025-06-25 10:57:11.940 +05:30 [WRN] No store type was specified for the decimal property 'TotalAmount' on entity type 'PurchaseOrder'. This will cause values to be silently truncated if they do not fit in the default precision and scale. Explicitly specify the SQL server column type that can accommodate all the values in 'OnModelCreating' using 'HasColumnType', specify precision and scale using 'HasPrecision', or configure a value converter using 'HasConversion'.
2025-06-25 11:04:24.613 +05:30 [WRN] No store type was specified for the decimal property 'TotalAmount' on entity type 'Order'. This will cause values to be silently truncated if they do not fit in the default precision and scale. Explicitly specify the SQL server column type that can accommodate all the values in 'OnModelCreating' using 'HasColumnType', specify precision and scale using 'HasPrecision', or configure a value converter using 'HasConversion'.
2025-06-25 11:04:24.639 +05:30 [WRN] No store type was specified for the decimal property 'UnitPrice' on entity type 'OrderItem'. This will cause values to be silently truncated if they do not fit in the default precision and scale. Explicitly specify the SQL server column type that can accommodate all the values in 'OnModelCreating' using 'HasColumnType', specify precision and scale using 'HasPrecision', or configure a value converter using 'HasConversion'.
2025-06-25 11:04:24.639 +05:30 [WRN] No store type was specified for the decimal property 'Price' on entity type 'Product'. This will cause values to be silently truncated if they do not fit in the default precision and scale. Explicitly specify the SQL server column type that can accommodate all the values in 'OnModelCreating' using 'HasColumnType', specify precision and scale using 'HasPrecision', or configure a value converter using 'HasConversion'.
2025-06-25 11:04:24.639 +05:30 [WRN] No store type was specified for the decimal property 'TotalAmount' on entity type 'PurchaseOrder'. This will cause values to be silently truncated if they do not fit in the default precision and scale. Explicitly specify the SQL server column type that can accommodate all the values in 'OnModelCreating' using 'HasColumnType', specify precision and scale using 'HasPrecision', or configure a value converter using 'HasConversion'.
